TN:
SF:src\App.tsx
FN:11,(anonymous_0)
FN:12,(anonymous_1)
FN:13,(anonymous_2)
FN:14,(anonymous_3)
FN:15,(anonymous_4)
FN:16,(anonymous_5)
FN:17,(anonymous_6)
FN:18,(anonymous_7)
FN:19,(anonymous_8)
FN:20,(anonymous_9)
FN:21,(anonymous_10)
FN:22,(anonymous_11)
FN:23,(anonymous_12)
FN:24,(anonymous_13)
FN:25,(anonymous_14)
FN:26,(anonymous_15)
FN:27,(anonymous_16)
FN:28,(anonymous_17)
FN:29,(anonymous_18)
FN:30,(anonymous_19)
FN:31,(anonymous_20)
FN:32,(anonymous_21)
FN:33,(anonymous_22)
FN:34,(anonymous_23)
FN:35,(anonymous_24)
FN:36,(anonymous_25)
FN:37,(anonymous_26)
FN:38,(anonymous_27)
FN:39,(anonymous_28)
FN:40,(anonymous_29)
FN:41,(anonymous_30)
FN:42,(anonymous_31)
FN:43,(anonymous_32)
FN:44,(anonymous_33)
FN:45,(anonymous_34)
FN:61,App
FNF:36
FNH:0
FNDA:0,(anonymous_0)
FNDA:0,(anonymous_1)
FNDA:0,(anonymous_2)
FNDA:0,(anonymous_3)
FNDA:0,(anonymous_4)
FNDA:0,(anonymous_5)
FNDA:0,(anonymous_6)
FNDA:0,(anonymous_7)
FNDA:0,(anonymous_8)
FNDA:0,(anonymous_9)
FNDA:0,(anonymous_10)
FNDA:0,(anonymous_11)
FNDA:0,(anonymous_12)
FNDA:0,(anonymous_13)
FNDA:0,(anonymous_14)
FNDA:0,(anonymous_15)
FNDA:0,(anonymous_16)
FNDA:0,(anonymous_17)
FNDA:0,(anonymous_18)
FNDA:0,(anonymous_19)
FNDA:0,(anonymous_20)
FNDA:0,(anonymous_21)
FNDA:0,(anonymous_22)
FNDA:0,(anonymous_23)
FNDA:0,(anonymous_24)
FNDA:0,(anonymous_25)
FNDA:0,(anonymous_26)
FNDA:0,(anonymous_27)
FNDA:0,(anonymous_28)
FNDA:0,(anonymous_29)
FNDA:0,(anonymous_30)
FNDA:0,(anonymous_31)
FNDA:0,(anonymous_32)
FNDA:0,(anonymous_33)
FNDA:0,(anonymous_34)
FNDA:0,App
DA:11,0
DA:12,0
DA:13,0
DA:14,0
DA:15,0
DA:16,0
DA:17,0
DA:18,0
DA:19,0
DA:20,0
DA:21,0
DA:22,0
DA:23,0
DA:24,0
DA:25,0
DA:26,0
DA:27,0
DA:28,0
DA:29,0
DA:30,0
DA:31,0
DA:32,0
DA:33,0
DA:34,0
DA:35,0
DA:36,0
DA:37,0
DA:38,0
DA:39,0
DA:40,0
DA:41,0
DA:42,0
DA:43,0
DA:44,0
DA:45,0
DA:63,0
DA:66,0
LF:37
LH:0
BRF:0
BRH:0
end_of_record
TN:
SF:src\components\Airports\AirportForm.tsx
FN:33,(anonymous_0)
FN:36,(anonymous_1)
FN:54,(anonymous_2)
FN:63,(anonymous_3)
FN:100,(anonymous_5)
FNF:5
FNH:0
FNDA:0,(anonymous_0)
FNDA:0,(anonymous_1)
FNDA:0,(anonymous_2)
FNDA:0,(anonymous_3)
FNDA:0,(anonymous_5)
DA:18,0
DA:33,0
DA:34,0
DA:36,0
DA:46,0
DA:54,0
DA:55,0
DA:56,0
DA:57,0
DA:59,0
DA:63,0
DA:64,0
DA:65,0
DA:67,0
DA:101,0
LF:15
LH:0
BRDA:33,0,0,0
BRDA:55,1,0,0
BRDA:55,1,1,0
BRDA:74,2,0,0
BRDA:74,2,1,0
BRDA:111,3,0,0
BRDA:111,3,1,0
BRDA:114,4,0,0
BRDA:114,4,1,0
BRDA:115,5,0,0
BRDA:115,5,1,0
BRDA:115,6,0,0
BRDA:115,6,1,0
BRDA:115,7,0,0
BRDA:115,7,1,0
BRF:15
BRH:0
end_of_record
TN:
SF:src\components\Auth\PermissionGuard.tsx
FN:16,(anonymous_0)
FNF:1
FNH:0
FNDA:0,(anonymous_0)
DA:16,0
DA:23,0
DA:25,0
DA:27,0
DA:28,0
DA:29,0
DA:30,0
DA:33,0
LF:8
LH:0
BRDA:20,0,0,0
BRDA:21,1,0,0
BRDA:27,2,0,0
BRDA:27,2,1,0
BRDA:29,3,0,0
BRDA:29,3,1,0
BRDA:29,4,0,0
BRDA:29,4,1,0
BRDA:30,5,0,0
BRDA:30,5,1,0
BRDA:36,6,0,0
BRDA:36,6,1,0
BRF:12
BRH:0
end_of_record
TN:
SF:src\components\Auth\ProtectedRoute.tsx
FN:13,(anonymous_0)
FN:18,(anonymous_1)
FN:20,(anonymous_2)
FN:45,(anonymous_3)
FNF:4
FNH:0
FNDA:0,(anonymous_0)
FNDA:0,(anonymous_1)
FNDA:0,(anonymous_2)
FNDA:0,(anonymous_3)
DA:13,0
DA:14,0
DA:15,0
DA:16,0
DA:18,0
DA:19,0
DA:20,0
DA:21,0
DA:22,0
DA:23,0
DA:24,0
DA:25,0
DA:33,0
DA:34,0
DA:37,0
DA:38,0
DA:41,0
DA:44,0
DA:45,0
DA:46,0
DA:50,0
DA:58,0
DA:62,0
DA:63,0
DA:64,0
LF:25
LH:0
BRDA:13,0,0,0
BRDA:22,1,0,0
BRDA:22,1,1,0
BRDA:24,2,0,0
BRDA:24,2,1,0
BRDA:29,3,0,0
BRDA:29,3,1,0
BRDA:33,4,0,0
BRDA:33,4,1,0
BRDA:37,5,0,0
BRDA:37,5,1,0
BRDA:41,6,0,0
BRDA:41,6,1,0
BRDA:50,7,0,0
BRDA:50,7,1,0
BRDA:58,8,0,0
BRDA:58,8,1,0
BRDA:62,9,0,0
BRDA:62,9,1,0
BRDA:62,10,0,0
BRDA:62,10,1,0
BRDA:63,11,0,0
BRDA:63,11,1,0
BRDA:64,12,0,0
BRDA:64,12,1,0
BRDA:64,13,0,0
BRDA:64,13,1,0
BRF:27
BRH:0
end_of_record
TN:
SF:src\components\Auth\RoleGuard.tsx
FN:13,(anonymous_0)
FNF:1
FNH:0
FNDA:0,(anonymous_0)
DA:13,0
DA:14,0
DA:15,0
DA:17,0
LF:4
LH:0
BRDA:13,0,0,0
BRDA:15,1,0,0
BRDA:15,1,1,0
BRDA:17,2,0,0
BRDA:17,2,1,0
BRDA:19,3,0,0
BRDA:19,3,1,0
BRF:7
BRH:0
end_of_record
TN:
SF:src\components\Charts\BarChart.tsx
FN:41,(anonymous_0)
FN:100,(anonymous_1)
FNF:2
FNH:0
FNDA:0,(anonymous_0)
FNDA:0,(anonymous_1)
DA:41,0
DA:53,0
DA:55,0
DA:64,0
DA:101,0
LF:5
LH:0
BRDA:45,0,0,0
BRDA:46,1,0,0
BRDA:47,2,0,0
BRDA:50,3,0,0
BRDA:51,4,0,0
BRDA:55,5,0,0
BRDA:55,5,1,0
BRDA:58,6,0,0
BRDA:64,7,0,0
BRDA:64,7,1,0
BRDA:64,8,0,0
BRDA:64,8,1,0
BRDA:67,9,0,0
BRDA:75,10,0,0
BRDA:83,11,0,0
BRDA:83,11,1,0
BRDA:88,12,0,0
BRDA:95,13,0,0
BRDA:95,13,1,0
BRDA:105,14,0,0
BRDA:105,14,1,0
BRF:21
BRH:0
end_of_record
TN:
SF:src\components\Charts\LineChart.tsx
FN:41,(anonymous_0)
FN:86,(anonymous_1)
FNF:2
FNH:0
FNDA:0,(anonymous_0)
FNDA:0,(anonymous_1)
DA:41,0
DA:52,0
DA:54,0
DA:63,0
DA:87,0
LF:5
LH:0
BRDA:45,0,0,0
BRDA:46,1,0,0
BRDA:47,2,0,0
BRDA:50,3,0,0
BRDA:54,4,0,0
BRDA:54,4,1,0
BRDA:57,5,0,0
BRDA:63,6,0,0
BRDA:63,6,1,0
BRDA:63,7,0,0
BRDA:63,7,1,0
BRDA:66,8,0,0
BRDA:74,9,0,0
BRDA:83,10,0,0
BRDA:83,10,1,0
BRDA:92,11,0,0
BRDA:92,11,1,0
BRDA:93,12,0,0
BRDA:93,12,1,0
BRF:19
BRH:0
end_of_record
TN:
SF:src\components\Charts\PieChart.tsx
FN:34,(anonymous_0)
FN:75,(anonymous_1)
FN:97,(anonymous_2)
FN:98,(anonymous_3)
FN:101,(anonymous_4)
FN:110,(anonymous_5)
FNF:6
FNH:0
FNDA:0,(anonymous_0)
FNDA:0,(anonymous_1)
FNDA:0,(anonymous_2)
FNDA:0,(anonymous_3)
FNDA:0,(anonymous_4)
FNDA:0,(anonymous_5)
DA:34,0
DA:46,0
DA:48,0
DA:57,0
DA:66,0
DA:75,0
DA:98,0
DA:99,0
DA:102,0
DA:111,0
LF:10
LH:0
BRDA:37,0,0,0
BRDA:38,1,0,0
BRDA:39,2,0,0
BRDA:40,3,0,0
BRDA:43,4,0,0
BRDA:44,5,0,0
BRDA:57,6,0,0
BRDA:57,6,1,0
BRDA:60,7,0,0
BRDA:66,8,0,0
BRDA:66,8,1,0
BRDA:66,9,0,0
BRDA:66,9,1,0
BRDA:69,10,0,0
BRDA:77,11,0,0
BRDA:77,11,1,0
BRDA:82,12,0,0
BRDA:95,13,0,0
BRDA:95,13,1,0
BRDA:96,14,0,0
BRDA:96,14,1,0
BRDA:111,15,0,0
BRDA:111,15,1,0
BRF:23
BRH:0
end_of_record
TN:
SF:src\components\Charts\RevenueChart.tsx
FN:27,(anonymous_0)
FN:39,(anonymous_1)
FN:79,(anonymous_2)
FN:85,(anonymous_3)
FN:86,(anonymous_4)
FN:128,(anonymous_5)
FNF:6
FNH:0
FNDA:0,(anonymous_0)
FNDA:0,(anonymous_1)
FNDA:0,(anonymous_2)
FNDA:0,(anonymous_3)
FNDA:0,(anonymous_4)
FNDA:0,(anonymous_5)
DA:27,0
DA:37,0
DA:39,0
DA:40,0
DA:41,0
DA:42,0
DA:46,0
DA:54,0
DA:55,0
DA:62,0
DA:63,0
DA:70,0
DA:71,0
DA:79,0
DA:80,0
DA:82,0
DA:83,0
DA:85,0
DA:86,0
DA:88,0
DA:89,0
DA:92,0
DA:128,0
LF:23
LH:0
BRDA:29,0,0,0
BRDA:30,1,0,0
BRDA:32,2,0,0
BRDA:33,3,0,0
BRDA:34,4,0,0
BRDA:35,5,0,0
BRDA:40,6,0,0
BRDA:40,6,1,0
BRDA:54,7,0,0
BRDA:54,7,1,0
BRDA:62,8,0,0
BRDA:62,8,1,0
BRDA:70,9,0,0
BRDA:70,9,1,0
BRDA:80,10,0,0
BRDA:80,10,1,0
BRDA:80,11,0,0
BRDA:80,11,1,0
BRDA:100,12,0,0
BRDA:103,13,0,0
BRDA:103,13,1,0
BRDA:103,14,0,0
BRDA:103,14,1,0
BRDA:106,15,0,0
BRDA:106,15,1,0
BRDA:106,16,0,0
BRDA:106,16,1,0
BRDA:110,17,0,0
BRF:28
BRH:0
end_of_record
TN:
SF:src\components\Cities\CityForm.tsx
FN:30,(anonymous_0)
FN:44,(anonymous_1)
FN:52,(anonymous_2)
FNF:3
FNH:0
FNDA:0,(anonymous_0)
FNDA:0,(anonymous_1)
FNDA:0,(anonymous_2)
DA:16,0
DA:30,0
DA:37,0
DA:44,0
DA:45,0
DA:46,0
DA:48,0
DA:52,0
DA:53,0
DA:54,0
DA:56,0
LF:11
LH:0
BRDA:30,0,0,0
BRDA:45,1,0,0
BRDA:45,1,1,0
BRDA:63,2,0,0
BRDA:63,2,1,0
BRDA:76,3,0,0
BRDA:76,3,1,0
BRDA:79,4,0,0
BRDA:79,4,1,0
BRDA:80,5,0,0
BRDA:80,5,1,0
BRDA:80,6,0,0
BRDA:80,6,1,0
BRDA:80,7,0,0
BRDA:80,7,1,0
BRF:15
BRH:0
end_of_record
TN:
SF:src\components\Common\AdvancedFilter.tsx
FN:52,(anonymous_0)
FN:63,(anonymous_1)
FN:67,(anonymous_2)
FN:68,(anonymous_3)
FN:74,(anonymous_4)
FN:80,(anonymous_5)
FN:82,(anonymous_6)
FN:90,(anonymous_7)
FN:103,(anonymous_8)
FN:115,(anonymous_9)
FN:128,(anonymous_10)
FN:133,(anonymous_11)
FN:148,(anonymous_12)
FN:164,(anonymous_13)
FN:174,(anonymous_14)
FN:194,(anonymous_15)
FN:198,(anonymous_16)
FN:209,(anonymous_17)
FN:221,(anonymous_18)
FN:242,(anonymous_19)
FN:244,(anonymous_20)
FN:250,(anonymous_21)
FNF:22
FNH:0
FNDA:0,(anonymous_0)
FNDA:0,(anonymous_1)
FNDA:0,(anonymous_2)
FNDA:0,(anonymous_3)
FNDA:0,(anonymous_4)
FNDA:0,(anonymous_5)
FNDA:0,(anonymous_6)
FNDA:0,(anonymous_7)
FNDA:0,(anonymous_8)
FNDA:0,(anonymous_9)
FNDA:0,(anonymous_10)
FNDA:0,(anonymous_11)
FNDA:0,(anonymous_12)
FNDA:0,(anonymous_13)
FNDA:0,(anonymous_14)
FNDA:0,(anonymous_15)
FNDA:0,(anonymous_16)
FNDA:0,(anonymous_17)
FNDA:0,(anonymous_18)
FNDA:0,(anonymous_19)
FNDA:0,(anonymous_20)
FNDA:0,(anonymous_21)
DA:52,0
DA:59,0
DA:60,0
DA:61,0
DA:63,0
DA:64,0
DA:67,0
DA:68,0
DA:74,0
DA:75,0
DA:76,0
DA:77,0
DA:80,0
DA:82,0
DA:83,0
DA:90,0
DA:103,0
DA:115,0
DA:128,0
DA:134,0
DA:148,0
DA:164,0
DA:174,0
DA:182,0
DA:194,0
DA:198,0
DA:209,0
DA:222,0
DA:243,0
DA:244,0
DA:245,0
DA:246,0
DA:250,0
LF:33
LH:0
BRDA:55,0,0,0
BRDA:56,1,0,0
BRDA:57,2,0,0
BRDA:70,3,0,0
BRDA:70,3,1,0
BRDA:80,4,0,0
BRDA:80,4,1,0
BRDA:83,5,0,0
BRDA:89,6,0,0
BRDA:89,6,1,0
BRDA:102,7,0,0
BRDA:102,7,1,0
BRDA:103,8,0,0
BRDA:103,8,1,0
BRDA:114,9,0,0
BRDA:114,9,1,0
BRDA:126,10,0,0
BRDA:126,10,1,0
BRDA:147,11,0,0
BRDA:147,11,1,0
BRDA:163,12,0,0
BRDA:163,12,1,0
BRDA:164,13,0,0
BRDA:164,13,1,0
BRDA:173,14,0,0
BRDA:173,14,1,0
BRDA:174,15,0,0
BRDA:174,15,1,0
BRDA:188,16,0,0
BRDA:197,17,0,0
BRDA:214,18,0,0
BRDA:232,19,0,0
BRDA:232,19,1,0
BRDA:240,20,0,0
BRDA:243,21,0,0
BRDA:243,21,1,0
BRDA:243,22,0,0
BRDA:243,22,1,0
BRDA:245,23,0,0
BRDA:245,23,1,0
BRF:40
BRH:0
end_of_record
TN:
SF:src\components\Common\AppErrorBoundary.tsx
FN:16,(anonymous_1)
FN:20,(anonymous_2)
FN:30,(anonymous_3)
FN:25,(anonymous_5)
FNF:4
FNH:0
FNDA:0,(anonymous_1)
FNDA:0,(anonymous_2)
FNDA:0,(anonymous_3)
FNDA:0,(anonymous_5)
DA:13,0
DA:17,0
DA:22,0
DA:26,0
DA:27,0
DA:31,0
DA:32,0
DA:34,0
DA:35,0
DA:38,0
LF:10
LH:0
BRDA:34,0,0,0
BRDA:34,0,1,0
BRF:2
BRH:0
end_of_record
TN:
SF:src\components\Common\BreadcrumbsBar.tsx
FN:31,(anonymous_0)
FN:37,(anonymous_1)
FN:52,(anonymous_2)
FN:58,(anonymous_3)
FN:68,(anonymous_4)
FNF:5
FNH:0
FNDA:0,(anonymous_0)
FNDA:0,(anonymous_1)
FNDA:0,(anonymous_2)
FNDA:0,(anonymous_3)
FNDA:0,(anonymous_4)
DA:6,0
DA:31,0
DA:32,0
DA:33,0
DA:34,0
DA:35,0
DA:37,0
DA:38,0
DA:39,0
DA:40,0
DA:41,0
DA:44,0
DA:52,0
DA:59,0
DA:68,0
LF:15
LH:0
BRDA:39,0,0,0
BRDA:39,0,1,0
BRDA:39,0,2,0
BRDA:44,1,0,0
BRDA:44,1,1,0
BRDA:56,2,0,0
BRDA:56,2,1,0
BRDA:59,3,0,0
BRDA:59,3,1,0
BRF:9
BRH:0
end_of_record
TN:
SF:src\components\Common\ConfirmationDialog.tsx
FN:34,(anonymous_0)
FN:46,(anonymous_1)
FN:59,(anonymous_2)
FNF:3
FNH:0
FNDA:0,(anonymous_0)
FNDA:0,(anonymous_1)
FNDA:0,(anonymous_2)
DA:34,0
DA:46,0
DA:47,0
DA:59,0
DA:60,0
DA:61,0
DA:62,0
DA:63,0
LF:8
LH:0
BRDA:38,0,0,0
BRDA:39,1,0,0
BRDA:40,2,0,0
BRDA:43,3,0,0
BRDA:44,4,0,0
BRDA:60,5,0,0
BRDA:60,5,1,0
BRDA:61,6,0,0
BRDA:61,6,1,0
BRDA:62,7,0,0
BRDA:62,7,1,0
BRDA:99,8,0,0
BRDA:99,8,1,0
BRF:13
BRH:0
end_of_record
TN:
SF:src\components\Common\ConnectionStatus.tsx
FN:8,(anonymous_0)
FNF:1
FNH:0
FNDA:0,(anonymous_0)
DA:8,0
DA:9,0
DA:11,0
LF:3
LH:0
BRDA:11,0,0,0
BRDA:11,0,1,0
BRF:2
BRH:0
end_of_record
TN:
SF:src\components\Common\DataTable.tsx
FN:48,DataTable
FN:62,(anonymous_1)
FN:69,(anonymous_2)
FN:80,(anonymous_3)
FN:100,(anonymous_4)
FN:104,(anonymous_5)
FN:106,(anonymous_6)
FN:110,(anonymous_7)
FN:133,(anonymous_8)
FN:163,(anonymous_9)
FN:170,(anonymous_10)
FN:177,(anonymous_11)
FN:184,(anonymous_12)
FN:193,(anonymous_13)
FN:214,(anonymous_14)
FNF:15
FNH:0
FNDA:0,DataTable
FNDA:0,(anonymous_1)
FNDA:0,(anonymous_2)
FNDA:0,(anonymous_3)
FNDA:0,(anonymous_4)
FNDA:0,(anonymous_5)
FNDA:0,(anonymous_6)
FNDA:0,(anonymous_7)
FNDA:0,(anonymous_8)
FNDA:0,(anonymous_9)
FNDA:0,(anonymous_10)
FNDA:0,(anonymous_11)
FNDA:0,(anonymous_12)
FNDA:0,(anonymous_13)
FNDA:0,(anonymous_14)
DA:62,0
DA:65,0
DA:69,0
DA:70,0
DA:71,0
DA:72,0
DA:73,0
DA:74,0
DA:76,0
DA:77,0
DA:80,0
DA:81,0
DA:82,0
DA:83,0
DA:84,0
DA:86,0
DA:87,0
DA:88,0
DA:89,0
DA:90,0
DA:91,0
DA:92,0
DA:93,0
DA:99,0
DA:100,0
DA:101,0
DA:104,0
DA:106,0
DA:107,0
DA:110,0
DA:111,0
DA:112,0
DA:134,0
DA:164,0
DA:165,0
DA:170,0
DA:177,0
DA:185,0
DA:186,0
DA:193,0
DA:215,0
LF:41
LH:0
BRDA:51,0,0,0
BRDA:52,1,0,0
BRDA:53,2,0,0
BRDA:59,3,0,0
BRDA:60,4,0,0
BRDA:62,5,0,0
BRDA:63,6,0,0
BRDA:70,7,0,0
BRDA:70,7,1,0
BRDA:86,8,0,0
BRDA:86,8,1,0
BRDA:88,9,0,0
BRDA:88,9,1,0
BRDA:90,10,0,0
BRDA:90,10,1,0
BRDA:92,11,0,0
BRDA:92,11,1,0
BRDA:121,12,0,0
BRDA:124,13,0,0
BRDA:124,13,1,0
BRDA:125,14,0,0
BRDA:125,14,1,0
BRDA:142,15,0,0
BRDA:146,16,0,0
BRDA:146,16,1,0
BRDA:148,17,0,0
BRDA:148,17,1,0
BRDA:148,18,0,0
BRDA:148,18,1,0
BRDA:154,19,0,0
BRDA:154,19,1,0
BRDA:156,20,0,0
BRDA:156,20,1,0
BRDA:156,21,0,0
BRDA:156,21,1,0
BRDA:171,22,0,0
BRDA:171,22,1,0
BRDA:173,23,0,0
BRDA:188,24,0,0
BRDA:188,24,1,0
BRDA:192,25,0,0
BRDA:204,26,0,0
BRDA:215,27,0,0
BRDA:215,27,1,0
BRF:44
BRH:0
end_of_record
TN:
SF:src\components\Common\EnhancedErrorBoundary.tsx
FN:24,(anonymous_1)
FN:28,(anonymous_2)
FN:43,(anonymous_3)
FN:93,(anonymous_4)
FN:38,(anonymous_6)
FNF:5
FNH:0
FNDA:0,(anonymous_1)
FNDA:0,(anonymous_2)
FNDA:0,(anonymous_3)
FNDA:0,(anonymous_4)
FNDA:0,(anonymous_6)
DA:18,0
DA:25,0
DA:30,0
DA:35,0
DA:39,0
DA:40,0
DA:44,0
DA:45,0
DA:47,0
DA:48,0
DA:49,0
DA:93,0
DA:102,0
LF:13
LH:0
BRDA:45,0,0,0
BRDA:47,1,0,0
BRDA:47,1,1,0
BRDA:48,2,0,0
BRDA:48,2,1,0
BRDA:80,3,0,0
BRDA:80,3,1,0
BRF:7
BRH:0
end_of_record
TN:
SF:src\components\Common\ExportButton.tsx
FN:21,(anonymous_0)
FN:32,(anonymous_1)
FN:36,(anonymous_2)
FN:40,(anonymous_3)
FN:45,(anonymous_4)
FNF:5
FNH:0
FNDA:0,(anonymous_0)
FNDA:0,(anonymous_1)
FNDA:0,(anonymous_2)
FNDA:0,(anonymous_3)
FNDA:0,(anonymous_4)
DA:21,0
DA:29,0
DA:30,0
DA:32,0
DA:33,0
DA:36,0
DA:37,0
DA:40,0
DA:41,0
DA:42,0
DA:45,0
DA:46,0
DA:47,0
LF:13
LH:0
BRDA:24,0,0,0
BRDA:25,1,0,0
BRDA:26,2,0,0
BRDA:27,3,0,0
BRF:4
BRH:0
end_of_record
TN:
SF:src\components\Common\FilePreview.tsx
FN:35,(anonymous_0)
FN:50,(anonymous_1)
FN:59,(anonymous_2)
FN:63,(anonymous_3)
FN:64,(anonymous_4)
FN:67,(anonymous_5)
FN:68,(anonymous_6)
FN:71,(anonymous_7)
FN:72,(anonymous_8)
FN:75,(anonymous_9)
FN:143,(anonymous_10)
FN:144,(anonymous_11)
FN:261,(anonymous_12)
FN:269,(anonymous_13)
FNF:14
FNH:0
FNDA:0,(anonymous_0)
FNDA:0,(anonymous_1)
FNDA:0,(anonymous_2)
FNDA:0,(anonymous_3)
FNDA:0,(anonymous_4)
FNDA:0,(anonymous_5)
FNDA:0,(anonymous_6)
FNDA:0,(anonymous_7)
FNDA:0,(anonymous_8)
FNDA:0,(anonymous_9)
FNDA:0,(anonymous_10)
FNDA:0,(anonymous_11)
FNDA:0,(anonymous_12)
FNDA:0,(anonymous_13)
DA:35,0
DA:43,0
DA:44,0
DA:45,0
DA:46,0
DA:48,0
DA:50,0
DA:51,0
DA:52,0
DA:53,0
DA:54,0
DA:55,0
DA:56,0
DA:59,0
DA:60,0
DA:63,0
DA:64,0
DA:67,0
DA:68,0
DA:71,0
DA:72,0
DA:75,0
DA:76,0
DA:89,0
DA:143,0
DA:145,0
DA:146,0
DA:261,0
DA:262,0
DA:264,0
DA:265,0
DA:268,0
DA:269,0
DA:270,0
DA:273,0
LF:35
LH:0
BRDA:41,0,0,0
BRDA:48,1,0,0
BRDA:48,1,1,0
BRDA:53,2,0,0
BRDA:53,2,1,0
BRDA:76,3,0,0
BRDA:76,3,1,0
BRDA:89,4,0,0
BRDA:89,4,1,0
BRDA:104,5,0,0
BRDA:121,6,0,0
BRDA:136,7,0,0
BRDA:136,7,1,0
BRDA:141,8,0,0
BRDA:141,8,1,0
BRDA:149,9,0,0
BRDA:149,9,1,0
BRDA:177,10,0,0
BRDA:216,11,0,0
BRDA:216,11,1,0
BRDA:219,12,0,0
BRDA:241,13,0,0
BRDA:241,13,1,0
BRDA:246,14,0,0
BRDA:246,14,1,0
BRDA:262,15,0,0
BRDA:262,15,1,0
BRDA:264,16,0,0
BRDA:264,16,1,0
BRDA:269,17,0,0
BRDA:269,17,1,0
BRF:31
BRH:0
end_of_record
TN:
SF:src\components\Common\FilterPanel.tsx
FN:50,(anonymous_0)
FN:63,(anonymous_1)
FN:76,(anonymous_2)
FN:93,(anonymous_3)
FN:104,(anonymous_4)
FN:116,(anonymous_5)
FN:124,(anonymous_6)
FN:127,(anonymous_7)
FN:141,(anonymous_8)
FNF:9
FNH:0
FNDA:0,(anonymous_0)
FNDA:0,(anonymous_1)
FNDA:0,(anonymous_2)
FNDA:0,(anonymous_3)
FNDA:0,(anonymous_4)
FNDA:0,(anonymous_5)
FNDA:0,(anonymous_6)
FNDA:0,(anonymous_7)
FNDA:0,(anonymous_8)
DA:50,0
DA:61,0
DA:63,0
DA:64,0
DA:67,0
DA:76,0
DA:93,0
DA:104,0
DA:117,0
DA:124,0
DA:128,0
DA:141,0
LF:12
LH:0
BRDA:55,0,0,0
BRDA:56,1,0,0
BRDA:57,2,0,0
BRDA:58,3,0,0
BRDA:67,4,0,0
BRDA:67,4,1,0
BRDA:75,5,0,0
BRDA:75,5,1,0
BRDA:76,6,0,0
BRDA:76,6,1,0
BRDA:86,7,0,0
BRDA:100,8,0,0
BRDA:117,9,0,0
BRDA:117,9,1,0
BRDA:119,10,0,0
BRDA:122,11,0,0
BRDA:122,11,1,0
BRDA:140,12,0,0
BRDA:140,12,1,0
BRDA:144,13,0,0
BRDA:144,13,1,0
BRDA:151,14,0,0
BRF:22
BRH:0
end_of_record
TN:
SF:src\components\Common\FormErrorDisplay.tsx
FN:13,(anonymous_0)
FN:32,(anonymous_1)
FNF:2
FNH:0
FNDA:0,(anonymous_0)
FNDA:0,(anonymous_1)
DA:13,0
DA:14,0
DA:16,0
DA:18,0
DA:32,0
DA:33,0
LF:6
LH:0
BRDA:16,0,0,0
BRDA:16,0,1,0
BRDA:18,1,0,0
BRDA:18,1,1,0
BRDA:18,1,2,0
BRDA:33,2,0,0
BRDA:33,2,1,0
BRF:7
BRH:0
end_of_record
TN:
SF:src\components\Common\GlobalLoadingIndicator.tsx
FN:4,(anonymous_0)
FNF:1
FNH:0
FNDA:0,(anonymous_0)
DA:4,0
DA:5,0
DA:6,0
DA:7,0
DA:9,0
LF:5
LH:0
BRDA:7,0,0,0
BRDA:7,0,1,0
BRDA:9,1,0,0
BRDA:9,1,1,0
BRF:4
BRH:0
end_of_record
TN:
SF:src\components\Common\GlobalSearch.tsx
FN:41,(anonymous_0)
FN:48,(anonymous_1)
FN:54,(anonymous_2)
FN:73,(anonymous_3)
FN:79,(anonymous_4)
FN:85,(anonymous_5)
FN:104,(anonymous_6)
FN:142,(anonymous_7)
FN:173,(anonymous_8)
FN:175,(anonymous_9)
FNF:10
FNH:0
FNDA:0,(anonymous_0)
FNDA:0,(anonymous_1)
FNDA:0,(anonymous_2)
FNDA:0,(anonymous_3)
FNDA:0,(anonymous_4)
FNDA:0,(anonymous_5)
FNDA:0,(anonymous_6)
FNDA:0,(anonymous_7)
FNDA:0,(anonymous_8)
FNDA:0,(anonymous_9)
DA:41,0
DA:42,0
DA:43,0
DA:44,0
DA:45,0
DA:46,0
DA:48,0
DA:49,0
DA:50,0
DA:54,0
DA:55,0
DA:56,0
DA:57,0
DA:60,0
DA:62,0
DA:73,0
DA:74,0
DA:75,0
DA:79,0
DA:80,0
DA:81,0
DA:82,0
DA:85,0
DA:86,0
DA:88,0
DA:90,0
DA:92,0
DA:94,0
DA:96,0
DA:98,0
DA:100,0
DA:104,0
DA:105,0
DA:107,0
DA:109,0
DA:111,0
DA:113,0
DA:115,0
DA:117,0
DA:119,0
DA:142,0
DA:174,0
DA:175,0
LF:43
LH:0
BRDA:49,0,0,0
BRDA:49,0,1,0
BRDA:49,1,0,0
BRDA:49,1,1,0
BRDA:55,2,0,0
BRDA:55,2,1,0
BRDA:86,3,0,0
BRDA:86,3,1,0
BRDA:86,3,2,0
BRDA:86,3,3,0
BRDA:86,3,4,0
BRDA:86,3,5,0
BRDA:86,3,6,0
BRDA:105,4,0,0
BRDA:105,4,1,0
BRDA:105,4,2,0
BRDA:105,4,3,0
BRDA:105,4,4,0
BRDA:105,4,5,0
BRDA:105,4,6,0
BRDA:155,5,0,0
BRDA:163,6,0,0
BRDA:163,6,1,0
BRDA:163,6,2,0
BRDA:171,7,0,0
BRDA:171,7,1,0
BRDA:181,8,0,0
BRDA:196,9,0,0
BRF:28
BRH:0
end_of_record
TN:
SF:src\components\Common\InfoCard.tsx
FN:19,(anonymous_0)
FNF:1
FNH:0
FNDA:0,(anonymous_0)
DA:19,0
LF:1
LH:0
BRDA:25,0,0,0
BRDA:26,1,0,0
BRDA:33,2,0,0
BRDA:33,2,1,0
BRDA:38,3,0,0
BRDA:38,3,1,0
BRDA:40,4,0,0
BRDA:40,4,1,0
BRDA:60,5,0,0
BRF:9
BRH:0
end_of_record
TN:
SF:src\components\Common\KeyboardShortcutsDialog.tsx
FN:31,(anonymous_0)
FN:38,(anonymous_1)
FN:58,(anonymous_2)
FN:67,(anonymous_3)
FNF:4
FNH:0
FNDA:0,(anonymous_0)
FNDA:0,(anonymous_1)
FNDA:0,(anonymous_2)
FNDA:0,(anonymous_3)
DA:31,0
DA:36,0
DA:38,0
DA:39,0
DA:40,0
DA:41,0
DA:42,0
DA:43,0
DA:44,0
DA:45,0
DA:59,0
DA:68,0
LF:12
LH:0
BRDA:34,0,0,0
BRDA:40,1,0,0
BRDA:40,1,1,0
BRDA:41,2,0,0
BRDA:41,2,1,0
BRDA:42,3,0,0
BRDA:42,3,1,0
BRDA:43,4,0,0
BRDA:43,4,1,0
BRDA:62,5,0,0
BRDA:62,5,1,0
BRDA:75,6,0,0
BRDA:75,6,1,0
BRF:13
BRH:0
end_of_record
TN:
SF:src\components\Common\LazyImage.tsx
FN:18,(anonymous_0)
FN:36,(anonymous_1)
FN:38,(anonymous_2)
FN:39,(anonymous_3)
FN:56,(anonymous_4)
FN:61,(anonymous_5)
FN:64,(anonymous_6)
FN:68,(anonymous_7)
FNF:8
FNH:0
FNDA:0,(anonymous_0)
FNDA:0,(anonymous_1)
FNDA:0,(anonymous_2)
FNDA:0,(anonymous_3)
FNDA:0,(anonymous_4)
FNDA:0,(anonymous_5)
FNDA:0,(anonymous_6)
FNDA:0,(anonymous_7)
DA:18,0
DA:30,0
DA:31,0
DA:32,0
DA:33,0
DA:34,0
DA:36,0
DA:37,0
DA:39,0
DA:40,0
DA:41,0
DA:42,0
DA:52,0
DA:53,0
DA:56,0
DA:57,0
DA:61,0
DA:62,0
DA:63,0
DA:64,0
DA:65,0
DA:66,0
DA:68,0
DA:69,0
DA:70,0
DA:71,0
DA:73,0
DA:77,0
DA:92,0
LF:29
LH:0
BRDA:22,0,0,0
BRDA:23,1,0,0
BRDA:24,2,0,0
BRDA:25,3,0,0
BRDA:26,4,0,0
BRDA:30,5,0,0
BRDA:30,5,1,0
BRDA:40,6,0,0
BRDA:40,6,1,0
BRDA:52,7,0,0
BRDA:52,7,1,0
BRDA:62,8,0,0
BRDA:62,8,1,0
BRDA:62,9,0,0
BRDA:62,9,1,0
BRDA:77,10,0,0
BRDA:77,10,1,0
BRDA:92,11,0,0
BRDA:92,11,1,0
BRDA:112,12,0,0
BRDA:112,12,1,0
BRF:21
BRH:0
end_of_record
TN:
SF:src\components\Common\MemoizedComponent.tsx
FN:6,(anonymous_0)
FN:20,(anonymous_1)
FNF:2
FNH:0
FNDA:0,(anonymous_0)
FNDA:0,(anonymous_1)
DA:6,0
DA:10,0
DA:20,0
DA:24,0
LF:4
LH:0
BRF:0
BRH:0
end_of_record
TN:
SF:src\components\Common\NotificationProvider.tsx
FN:5,(anonymous_0)
FN:8,(anonymous_1)
FN:14,(anonymous_2)
FN:19,(anonymous_3)
FN:24,(anonymous_4)
FNF:5
FNH:0
FNDA:0,(anonymous_0)
FNDA:0,(anonymous_1)
FNDA:0,(anonymous_2)
FNDA:0,(anonymous_3)
FNDA:0,(anonymous_4)
DA:5,0
DA:6,0
DA:8,0
DA:9,0
DA:15,0
DA:19,0
DA:24,0
LF:7
LH:0
BRDA:18,0,0,0
BRDA:18,0,1,0
BRF:2
BRH:0
end_of_record
TN:
SF:src\components\Common\PDFViewer.tsx
FN:18,(anonymous_0)
FN:29,(anonymous_1)
FN:38,(anonymous_2)
FN:82,(anonymous_3)
FN:83,(anonymous_4)
FNF:5
FNH:0
FNDA:0,(anonymous_0)
FNDA:0,(anonymous_1)
FNDA:0,(anonymous_2)
FNDA:0,(anonymous_3)
FNDA:0,(anonymous_4)
DA:18,0
DA:26,0
DA:27,0
DA:29,0
DA:30,0
DA:31,0
DA:32,0
DA:33,0
DA:34,0
DA:35,0
DA:38,0
DA:39,0
DA:82,0
DA:84,0
DA:85,0
DA:128,0
LF:16
LH:0
BRDA:22,0,0,0
BRDA:23,1,0,0
BRDA:24,2,0,0
BRDA:32,3,0,0
BRDA:32,3,1,0
BRDA:44,4,0,0
BRDA:61,5,0,0
BRDA:80,6,0,0
BRDA:80,6,1,0
BRDA:87,7,0,0
BRDA:87,7,1,0
BRDA:89,8,0,0
BRDA:89,8,1,0
BRDA:89,8,2,0
BRDA:89,8,3,0
BRDA:102,9,0,0
BRDA:109,10,0,0
BRDA:116,11,0,0
BRDA:128,12,0,0
BRDA:128,12,1,0
BRF:20
BRH:0
end_of_record
TN:
SF:src\components\Common\PrintButton.tsx
FN:10,(anonymous_0)
FN:11,(anonymous_1)
FNF:2
FNH:0
FNDA:0,(anonymous_0)
FNDA:0,(anonymous_1)
DA:10,0
DA:11,0
DA:12,0
DA:13,0
DA:15,0
DA:19,0
LF:6
LH:0
BRDA:10,0,0,0
BRDA:10,1,0,0
BRDA:12,2,0,0
BRDA:12,2,1,0
BRDA:19,3,0,0
BRDA:19,3,1,0
BRF:6
BRH:0
end_of_record
TN:
SF:src\components\Common\PrintView.tsx
FN:15,(anonymous_0)
FN:21,(anonymous_1)
FN:25,(anonymous_2)
FN:52,(anonymous_3)
FNF:4
FNH:0
FNDA:0,(anonymous_0)
FNDA:0,(anonymous_1)
FNDA:0,(anonymous_2)
FNDA:0,(anonymous_3)
DA:15,0
DA:21,0
DA:22,0
DA:25,0
DA:27,0
DA:28,0
DA:50,0
DA:52,0
DA:53,0
LF:9
LH:0
BRDA:18,0,0,0
BRDA:19,1,0,0
BRDA:59,2,0,0
BRDA:70,3,0,0
BRF:4
BRH:0
end_of_record
TN:
SF:src\components\Common\QueryErrorFallback.tsx
FN:8,(anonymous_0)
FN:28,(anonymous_1)
FNF:2
FNH:0
FNDA:0,(anonymous_0)
FNDA:0,(anonymous_1)
DA:8,0
DA:28,0
LF:2
LH:0
BRDA:25,0,0,0
BRDA:25,0,1,0
BRF:2
BRH:0
end_of_record
TN:
SF:src\components\Common\StandardDialog.tsx
FN:30,(anonymous_0)
FNF:1
FNH:0
FNDA:0,(anonymous_0)
DA:30,0
LF:1
LH:0
BRDA:36,0,0,0
BRDA:37,1,0,0
BRDA:38,2,0,0
BRDA:39,3,0,0
BRDA:40,4,0,0
BRDA:59,5,0,0
BRDA:72,6,0,0
BRF:7
BRH:0
end_of_record
TN:
SF:src\components\Common\StatCard.tsx
FN:21,(anonymous_0)
FNF:1
FNH:0
FNDA:0,(anonymous_0)
DA:21,0
DA:29,0
LF:2
LH:0
BRDA:26,0,0,0
BRDA:35,1,0,0
BRDA:35,1,1,0
BRDA:37,2,0,0
BRDA:37,2,1,0
BRDA:55,3,0,0
BRDA:58,4,0,0
BRDA:65,5,0,0
BRDA:65,5,1,0
BRDA:74,6,0,0
BRF:10
BRH:0
end_of_record
TN:
SF:src\components\Common\VirtualizedList.tsx
FN:18,(anonymous_0)
FN:37,(anonymous_1)
FN:43,(anonymous_2)
FN:73,(anonymous_3)
FNF:4
FNH:0
FNDA:0,(anonymous_0)
FNDA:0,(anonymous_1)
FNDA:0,(anonymous_2)
FNDA:0,(anonymous_3)
DA:18,0
DA:27,0
DA:28,0
DA:30,0
DA:31,0
DA:32,0
DA:37,0
DA:38,0
DA:41,0
DA:43,0
DA:44,0
DA:45,0
DA:46,0
DA:74,0
LF:14
LH:0
BRDA:21,0,0,0
BRDA:22,1,0,0
BRDA:23,2,0,0
BRF:3
BRH:0
end_of_record
TN:
SF:src\components\DailyNotes\DailyNoteForm.tsx
FN:39,(anonymous_0)
FN:42,(anonymous_1)
FN:61,(anonymous_2)
FN:75,(anonymous_3)
FN:114,(anonymous_5)
FNF:5
FNH:0
FNDA:0,(anonymous_0)
FNDA:0,(anonymous_1)
FNDA:0,(anonymous_2)
FNDA:0,(anonymous_3)
FNDA:0,(anonymous_5)
DA:23,0
DA:39,0
DA:40,0
DA:42,0
DA:52,0
DA:61,0
DA:62,0
DA:63,0
DA:64,0
DA:65,0
DA:67,0
DA:75,0
DA:76,0
DA:77,0
DA:79,0
DA:115,0
LF:16
LH:0
BRDA:39,0,0,0
BRDA:62,1,0,0
BRDA:62,1,1,0
BRDA:86,2,0,0
BRDA:86,2,1,0
BRDA:134,3,0,0
BRDA:134,3,1,0
BRDA:137,4,0,0
BRDA:137,4,1,0
BRDA:138,5,0,0
BRDA:138,5,1,0
BRDA:138,6,0,0
BRDA:138,6,1,0
BRDA:138,7,0,0
BRDA:138,7,1,0
BRF:15
BRH:0
end_of_record
TN:
SF:src\components\DailyRevenues\DailyRevenueForm.tsx
FN:34,(anonymous_0)
FN:51,(anonymous_1)
FN:67,(anonymous_2)
FNF:3
FNH:0
FNDA:0,(anonymous_0)
FNDA:0,(anonymous_1)
FNDA:0,(anonymous_2)
DA:17,0
DA:34,0
DA:41,0
DA:51,0
DA:52,0
DA:53,0
DA:54,0
DA:55,0
DA:56,0
DA:58,0
DA:67,0
DA:68,0
DA:69,0
DA:71,0
LF:14
LH:0
BRDA:34,0,0,0
BRDA:52,1,0,0
BRDA:52,1,1,0
BRDA:56,2,0,0
BRDA:56,2,1,0
BRDA:78,3,0,0
BRDA:78,3,1,0
BRDA:117,4,0,0
BRDA:117,4,1,0
BRDA:120,5,0,0
BRDA:120,5,1,0
BRDA:121,6,0,0
BRDA:121,6,1,0
BRDA:121,7,0,0
BRDA:121,7,1,0
BRDA:121,8,0,0
BRDA:121,8,1,0
BRF:17
BRH:0
end_of_record
TN:
SF:src\components\Feedback\ContentState.tsx
FN:15,(anonymous_0)
FNF:1
FNH:0
FNDA:0,(anonymous_0)
DA:15,0
DA:23,0
DA:27,0
LF:3
LH:0
BRDA:21,0,0,0
BRDA:23,1,0,0
BRDA:23,1,1,0
BRDA:28,2,0,0
BRDA:44,3,0,0
BRDA:49,4,0,0
BRDA:50,5,0,0
BRDA:50,5,1,0
BRDA:51,6,0,0
BRDA:51,6,1,0
BRF:10
BRH:0
end_of_record
TN:
SF:src\components\Feedback\EnhancedContentState.tsx
FN:24,(anonymous_0)
FNF:1
FNH:0
FNDA:0,(anonymous_0)
DA:24,0
DA:36,0
DA:40,0
DA:45,0
DA:49,0
DA:53,0
DA:57,0
LF:7
LH:0
BRDA:31,0,0,0
BRDA:32,1,0,0
BRDA:36,2,0,0
BRDA:36,2,1,0
BRDA:42,3,0,0
BRDA:42,4,0,0
BRDA:42,4,1,0
BRDA:43,5,0,0
BRDA:45,6,0,0
BRDA:45,6,1,0
BRDA:46,7,0,0
BRDA:46,7,1,0
BRDA:47,8,0,0
BRDA:47,8,1,0
BRDA:49,9,0,0
BRDA:49,9,1,0
BRDA:50,10,0,0
BRDA:50,10,1,0
BRDA:51,11,0,0
BRDA:51,11,1,0
BRDA:53,12,0,0
BRDA:53,12,1,0
BRDA:54,13,0,0
BRDA:54,13,1,0
BRDA:55,14,0,0
BRDA:55,14,1,0
BRDA:57,15,0,0
BRDA:57,15,1,0
BRDA:73,16,0,0
BRDA:73,16,1,0
BRDA:84,17,0,0
BRDA:86,18,0,0
BRDA:86,18,1,0
BRDA:88,19,0,0
BRDA:88,19,1,0
BRF:35
BRH:0
end_of_record
TN:
SF:src\components\Feedback\SkeletonLoader.tsx
FN:14,(anonymous_0)
FN:26,(anonymous_1)
FN:31,(anonymous_2)
FN:33,(anonymous_3)
FN:45,(anonymous_4)
FN:72,(anonymous_5)
FN:91,(anonymous_6)
FNF:7
FNH:0
FNDA:0,(anonymous_0)
FNDA:0,(anonymous_1)
FNDA:0,(anonymous_2)
FNDA:0,(anonymous_3)
FNDA:0,(anonymous_4)
FNDA:0,(anonymous_5)
FNDA:0,(anonymous_6)
DA:14,0
DA:21,0
DA:27,0
DA:32,0
DA:34,0
DA:42,0
DA:46,0
DA:69,0
DA:73,0
DA:92,0
LF:10
LH:0
BRDA:15,0,0,0
BRDA:16,1,0,0
BRDA:17,2,0,0
BRDA:18,3,0,0
BRDA:19,4,0,0
BRDA:21,5,0,0
BRDA:21,5,1,0
BRDA:42,6,0,0
BRDA:42,6,1,0
BRDA:50,7,0,0
BRDA:54,8,0,0
BRDA:69,9,0,0
BRDA:69,9,1,0
BRDA:78,10,0,0
BRDA:94,11,0,0
BRDA:99,12,0,0
BRF:16
BRH:0
end_of_record
TN:
SF:src\components\Feedback\ToastNotification.tsx
FN:17,(anonymous_0)
FN:27,(anonymous_1)
FN:31,(anonymous_2)
FNF:3
FNH:0
FNDA:0,(anonymous_0)
FNDA:0,(anonymous_1)
FNDA:0,(anonymous_2)
DA:17,0
DA:25,0
DA:27,0
DA:28,0
DA:31,0
DA:32,0
DA:33,0
DA:35,0
DA:36,0
LF:9
LH:0
BRDA:20,0,0,0
BRDA:21,1,0,0
BRDA:32,2,0,0
BRDA:32,2,1,0
BRDA:52,3,0,0
BRF:5
BRH:0
end_of_record
TN:
SF:src\components\Forms\FormField.tsx
FN:42,(anonymous_0)
FN:74,(anonymous_2)
FN:118,(anonymous_4)
FNF:3
FNH:0
FNDA:0,(anonymous_0)
FNDA:0,(anonymous_2)
FNDA:0,(anonymous_4)
DA:42,0
DA:60,0
DA:61,0
DA:63,0
DA:65,0
DA:75,0
DA:118,0
LF:7
LH:0
BRDA:47,0,0,0
BRDA:49,1,0,0
BRDA:50,2,0,0
BRDA:51,3,0,0
BRDA:52,4,0,0
BRDA:55,5,0,0
BRDA:56,6,0,0
BRDA:57,7,0,0
BRDA:58,8,0,0
BRDA:63,9,0,0
BRDA:63,9,1,0
BRDA:63,10,0,0
BRDA:63,10,1,0
BRDA:65,11,0,0
BRDA:65,11,1,0
BRDA:65,12,0,0
BRDA:65,12,1,0
BRDA:82,13,0,0
BRDA:82,13,1,0
BRDA:83,14,0,0
BRDA:83,14,1,0
BRDA:101,15,0,0
BRDA:101,15,1,0
BRDA:104,16,0,0
BRDA:104,16,1,0
BRDA:105,17,0,0
BRDA:105,17,1,0
BRDA:105,18,0,0
BRDA:105,18,1,0
BRDA:108,19,0,0
BRDA:108,19,1,0
BRDA:108,20,0,0
BRDA:108,20,1,0
BRDA:121,21,0,0
BRDA:122,22,0,0
BRDA:124,23,0,0
BRDA:125,24,0,0
BRDA:126,25,0,0
BRDA:127,26,0,0
BRDA:154,27,0,0
BRDA:161,28,0,0
BRDA:174,29,0,0
BRDA:174,29,1,0
BRDA:174,29,2,0
BRDA:177,30,0,0
BRDA:177,30,1,0
BRF:46
BRH:0
end_of_record
TN:
SF:src\components\Guests\GuestForm.tsx
FN:53,(anonymous_0)
FN:73,(anonymous_1)
FN:85,(anonymous_2)
FN:103,(anonymous_3)
FN:151,(anonymous_5)
FNF:5
FNH:0
FNDA:0,(anonymous_0)
FNDA:0,(anonymous_1)
FNDA:0,(anonymous_2)
FNDA:0,(anonymous_3)
FNDA:0,(anonymous_5)
DA:25,0
DA:53,0
DA:61,0
DA:73,0
DA:74,0
DA:75,0
DA:76,0
DA:77,0
DA:78,0
DA:79,0
DA:81,0
DA:85,0
DA:86,0
DA:88,0
DA:95,0
DA:96,0
DA:97,0
DA:99,0
DA:103,0
DA:104,0
DA:105,0
DA:152,0
LF:22
LH:0
BRDA:53,0,0,0
BRDA:74,1,0,0
BRDA:74,1,1,0
BRDA:76,2,0,0
BRDA:76,2,1,0
BRDA:77,3,0,0
BRDA:77,3,1,0
BRDA:90,4,0,0
BRDA:90,4,1,0
BRDA:91,5,0,0
BRDA:91,5,1,0
BRDA:111,6,0,0
BRDA:111,6,1,0
BRDA:121,7,0,0
BRDA:121,7,1,0
BRDA:131,8,0,0
BRDA:131,8,1,0
BRDA:140,9,0,0
BRDA:140,9,1,0
BRDA:143,10,0,0
BRDA:143,10,1,0
BRDA:149,11,0,0
BRDA:149,11,1,0
BRDA:159,12,0,0
BRDA:175,13,0,0
BRDA:175,13,1,0
BRDA:185,14,0,0
BRDA:185,14,1,0
BRDA:191,15,0,0
BRDA:191,15,1,0
BRDA:193,16,0,0
BRDA:193,16,1,0
BRDA:193,17,0,0
BRDA:193,17,1,0
BRDA:195,18,0,0
BRDA:195,18,1,0
BRF:36
BRH:0
end_of_record
TN:
SF:src\components\Guests\RoomAssignmentForm.tsx
FN:49,(anonymous_0)
FN:79,(anonymous_1)
FN:85,(anonymous_2)
FN:90,(anonymous_3)
FN:105,(anonymous_4)
FN:122,(anonymous_5)
FN:152,(anonymous_7)
FN:178,(anonymous_9)
FNF:8
FNH:0
FNDA:0,(anonymous_0)
FNDA:0,(anonymous_1)
FNDA:0,(anonymous_2)
FNDA:0,(anonymous_3)
FNDA:0,(anonymous_4)
FNDA:0,(anonymous_5)
FNDA:0,(anonymous_7)
FNDA:0,(anonymous_9)
DA:29,0
DA:49,0
DA:64,0
DA:77,0
DA:79,0
DA:83,0
DA:85,0
DA:90,0
DA:91,0
DA:92,0
DA:93,0
DA:94,0
DA:95,0
DA:96,0
DA:97,0
DA:98,0
DA:99,0
DA:101,0
DA:105,0
DA:106,0
DA:107,0
DA:114,0
DA:115,0
DA:116,0
DA:118,0
DA:122,0
DA:123,0
DA:124,0
DA:153,0
DA:179,0
LF:30
LH:0
BRDA:55,0,0,0
BRDA:67,1,0,0
BRDA:67,1,1,0
BRDA:80,2,0,0
BRDA:80,2,1,0
BRDA:91,3,0,0
BRDA:91,3,1,0
BRDA:93,4,0,0
BRDA:93,4,1,0
BRDA:96,5,0,0
BRDA:96,5,1,0
BRDA:97,6,0,0
BRDA:97,6,1,0
BRDA:98,7,0,0
BRDA:98,7,1,0
BRDA:110,8,0,0
BRDA:110,8,1,0
BRDA:111,9,0,0
BRDA:111,9,1,0
BRDA:132,10,0,0
BRDA:132,10,1,0
BRDA:142,11,0,0
BRDA:144,12,0,0
BRDA:144,12,1,0
BRDA:150,13,0,0
BRDA:150,13,1,0
BRDA:161,14,0,0
BRDA:170,15,0,0
BRDA:170,15,1,0
BRDA:176,16,0,0
BRDA:176,16,1,0
BRDA:197,17,0,0
BRDA:197,17,1,0
BRDA:216,18,0,0
BRDA:216,18,1,0
BRDA:238,19,0,0
BRDA:238,19,1,0
BRDA:258,20,0,0
BRDA:258,20,1,0
BRDA:266,21,0,0
BRDA:266,21,1,0
BRDA:269,22,0,0
BRDA:269,22,1,0
BRDA:270,23,0,0
BRDA:270,23,1,0
BRDA:270,24,0,0
BRDA:270,24,1,0
BRDA:272,25,0,0
BRDA:272,25,1,0
BRF:49
BRH:0
end_of_record
TN:
SF:src\components\Hotels\HotelForm.tsx
FN:48,(anonymous_0)
FN:75,(anonymous_1)
FN:81,(anonymous_2)
FN:98,(anonymous_3)
FN:147,(anonymous_5)
FN:170,(anonymous_7)
FNF:6
FNH:0
FNDA:0,(anonymous_0)
FNDA:0,(anonymous_1)
FNDA:0,(anonymous_2)
FNDA:0,(anonymous_3)
FNDA:0,(anonymous_5)
FNDA:0,(anonymous_7)
DA:25,0
DA:48,0
DA:57,0
DA:73,0
DA:75,0
DA:78,0
DA:81,0
DA:82,0
DA:83,0
DA:84,0
DA:85,0
DA:86,0
DA:87,0
DA:88,0
DA:89,0
DA:90,0
DA:91,0
DA:92,0
DA:94,0
DA:98,0
DA:99,0
DA:100,0
DA:101,0
DA:102,0
DA:105,0
DA:148,0
DA:171,0
LF:27
LH:0
BRDA:48,0,0,0
BRDA:82,1,0,0
BRDA:82,1,1,0
BRDA:86,2,0,0
BRDA:86,2,1,0
BRDA:87,3,0,0
BRDA:87,3,1,0
BRDA:89,4,0,0
BRDA:89,4,1,0
BRDA:90,5,0,0
BRDA:90,5,1,0
BRDA:91,6,0,0
BRDA:91,6,1,0
BRDA:92,7,0,0
BRDA:92,7,1,0
BRDA:101,8,0,0
BRDA:101,8,1,0
BRDA:112,9,0,0
BRDA:112,9,1,0
BRDA:155,10,0,0
BRDA:242,11,0,0
BRDA:242,11,1,0
BRDA:243,12,0,0
BRDA:243,12,1,0
BRDA:243,13,0,0
BRDA:243,13,1,0
BRDA:243,14,0,0
BRDA:243,14,1,0
BRF:28
BRH:0
end_of_record
TN:
SF:src\components\Import\BulkOperationsDialog.tsx
FN:44,(anonymous_0)
FN:55,(anonymous_1)
FN:68,(anonymous_2)
FN:72,(anonymous_3)
FN:79,(anonymous_4)
FN:86,(anonymous_5)
FN:126,(anonymous_6)
FN:157,(anonymous_7)
FNF:8
FNH:0
FNDA:0,(anonymous_0)
FNDA:0,(anonymous_1)
FNDA:0,(anonymous_2)
FNDA:0,(anonymous_3)
FNDA:0,(anonymous_4)
FNDA:0,(anonymous_5)
FNDA:0,(anonymous_6)
FNDA:0,(anonymous_7)
DA:44,0
DA:55,0
DA:64,0
DA:65,0
DA:66,0
DA:68,0
DA:69,0
DA:72,0
DA:73,0
DA:74,0
DA:75,0
DA:79,0
DA:80,0
DA:81,0
DA:82,0
DA:86,0
DA:87,0
DA:88,0
DA:89,0
DA:126,0
DA:157,0
LF:21
LH:0
BRDA:47,0,0,0
BRDA:62,1,0,0
BRDA:73,2,0,0
BRDA:73,2,1,0
BRDA:80,3,0,0
BRDA:80,3,1,0
BRDA:80,4,0,0
BRDA:80,4,1,0
BRDA:87,5,0,0
BRDA:87,5,1,0
BRDA:107,6,0,0
BRDA:110,7,0,0
BRDA:113,8,0,0
BRDA:119,9,0,0
BRDA:149,10,0,0
BRDA:150,11,0,0
BRDA:150,11,1,0
BRDA:156,12,0,0
BRDA:156,12,1,0
BRDA:168,13,0,0
BRF:20
BRH:0
end_of_record
TN:
SF:src\components\Import\FileUploadButton.tsx
FN:20,(anonymous_0)
FN:34,(anonymous_1)
FN:47,(anonymous_2)
FN:60,(anonymous_3)
FN:64,(anonymous_4)
FN:72,(anonymous_5)
FN:82,(anonymous_6)
FNF:7
FNH:0
FNDA:0,(anonymous_0)
FNDA:0,(anonymous_1)
FNDA:0,(anonymous_2)
FNDA:0,(anonymous_3)
FNDA:0,(anonymous_4)
FNDA:0,(anonymous_5)
FNDA:0,(anonymous_6)
DA:20,0
DA:30,0
DA:31,0
DA:32,0
DA:34,0
DA:35,0
DA:37,0
DA:38,0
DA:40,0
DA:41,0
DA:42,0
DA:46,0
DA:47,0
DA:48,0
DA:50,0
DA:51,0
DA:54,0
DA:57,0
DA:60,0
DA:61,0
DA:64,0
DA:65,0
DA:67,0
DA:68,0
DA:72,0
DA:73,0
DA:74,0
DA:75,0
DA:76,0
DA:77,0
DA:78,0
DA:82,0
DA:83,0
DA:84,0
DA:85,0
DA:87,0
DA:88,0
LF:37
LH:0
BRDA:22,0,0,0
BRDA:23,1,0,0
BRDA:24,2,0,0
BRDA:25,3,0,0
BRDA:26,4,0,0
BRDA:27,5,0,0
BRDA:28,6,0,0
BRDA:35,7,0,0
BRDA:35,7,1,0
BRDA:35,8,0,0
BRDA:35,8,1,0
BRDA:40,9,0,0
BRDA:40,9,1,0
BRDA:50,10,0,0
BRDA:50,10,1,0
BRDA:50,11,0,0
BRDA:50,11,1,0
BRDA:67,12,0,0
BRDA:67,12,1,0
BRDA:75,13,0,0
BRDA:75,13,1,0
BRDA:75,14,0,0
BRDA:75,14,1,0
BRDA:77,15,0,0
BRDA:77,15,1,0
BRDA:87,16,0,0
BRDA:87,16,1,0
BRDA:87,17,0,0
BRDA:87,17,1,0
BRDA:109,18,0,0
BRDA:109,18,1,0
BRDA:110,19,0,0
BRDA:110,19,1,0
BRDA:114,20,0,0
BRDA:114,20,1,0
BRF:35
BRH:0
end_of_record
TN:
SF:src\components\Import\ImportPreviewDialog.tsx
FN:43,(anonymous_0)
FN:54,(anonymous_1)
FN:57,(anonymous_2)
FN:58,(anonymous_3)
FN:63,(anonymous_4)
FN:73,(anonymous_5)
FN:76,(anonymous_6)
FN:77,(anonymous_7)
FN:82,(anonymous_8)
FN:86,(anonymous_9)
FN:89,(anonymous_10)
FN:131,(anonymous_11)
FN:160,(anonymous_12)
FN:179,(anonymous_13)
FN:184,(anonymous_14)
FN:213,(anonymous_15)
FN:235,(anonymous_16)
FNF:17
FNH:0
FNDA:0,(anonymous_0)
FNDA:0,(anonymous_1)
FNDA:0,(anonymous_2)
FNDA:0,(anonymous_3)
FNDA:0,(anonymous_4)
FNDA:0,(anonymous_5)
FNDA:0,(anonymous_6)
FNDA:0,(anonymous_7)
FNDA:0,(anonymous_8)
FNDA:0,(anonymous_9)
FNDA:0,(anonymous_10)
FNDA:0,(anonymous_11)
FNDA:0,(anonymous_12)
FNDA:0,(anonymous_13)
FNDA:0,(anonymous_14)
FNDA:0,(anonymous_15)
FNDA:0,(anonymous_16)
DA:43,0
DA:50,0
DA:51,0
DA:54,0
DA:55,0
DA:56,0
DA:57,0
DA:58,0
DA:59,0
DA:63,0
DA:64,0
DA:65,0
DA:66,0
DA:68,0
DA:70,0
DA:73,0
DA:74,0
DA:75,0
DA:76,0
DA:77,0
DA:78,0
DA:82,0
DA:83,0
DA:86,0
DA:87,0
DA:89,0
DA:90,0
DA:93,0
DA:94,0
DA:131,0
DA:161,0
DA:162,0
DA:164,0
DA:180,0
DA:184,0
DA:214,0
DA:236,0
LF:37
LH:0
BRDA:48,0,0,0
BRDA:55,1,0,0
BRDA:55,1,1,0
BRDA:55,2,0,0
BRDA:55,2,1,0
BRDA:57,3,0,0
BRDA:57,3,1,0
BRDA:65,4,0,0
BRDA:65,4,1,0
BRDA:74,5,0,0
BRDA:74,5,1,0
BRDA:74,6,0,0
BRDA:74,6,1,0
BRDA:76,7,0,0
BRDA:76,7,1,0
BRDA:87,8,0,0
BRDA:87,8,1,0
BRDA:87,9,0,0
BRDA:87,9,1,0
BRDA:94,10,0,0
BRDA:94,10,1,0
BRDA:101,11,0,0
BRDA:104,12,0,0
BRDA:104,12,1,0
BRDA:112,13,0,0
BRDA:158,14,0,0
BRDA:158,14,1,0
BRDA:159,15,0,0
BRDA:159,15,1,0
BRDA:161,16,0,0
BRDA:161,16,1,0
BRDA:190,17,0,0
BRDA:206,18,0,0
BRDA:206,18,1,0
BRDA:207,19,0,0
BRDA:207,19,1,0
BRDA:209,20,0,0
BRDA:209,20,1,0
BRDA:211,21,0,0
BRDA:211,21,1,0
BRDA:211,22,0,0
BRDA:211,22,1,0
BRDA:230,23,0,0
BRDA:230,23,1,0
BRDA:252,24,0,0
BRDA:252,24,1,0
BRDA:253,25,0,0
BRDA:253,25,1,0
BRDA:255,26,0,0
BRDA:255,26,1,0
BRF:50
BRH:0
end_of_record
TN:
SF:src\components\Invoices\InvoiceCreator.tsx
FN:53,(anonymous_0)
FN:72,(anonymous_1)
FN:78,(anonymous_2)
FN:91,(anonymous_3)
FN:92,(anonymous_4)
FN:98,(anonymous_5)
FN:103,(anonymous_6)
FN:104,(anonymous_7)
FN:106,(anonymous_8)
FN:111,(anonymous_9)
FN:121,(anonymous_10)
FN:144,(anonymous_11)
FN:180,(anonymous_12)
FN:189,(anonymous_13)
FN:228,(anonymous_14)
FN:229,(anonymous_15)
FN:245,(anonymous_16)
FNF:17
FNH:0
FNDA:0,(anonymous_0)
FNDA:0,(anonymous_1)
FNDA:0,(anonymous_2)
FNDA:0,(anonymous_3)
FNDA:0,(anonymous_4)
FNDA:0,(anonymous_5)
FNDA:0,(anonymous_6)
FNDA:0,(anonymous_7)
FNDA:0,(anonymous_8)
FNDA:0,(anonymous_9)
FNDA:0,(anonymous_10)
FNDA:0,(anonymous_11)
FNDA:0,(anonymous_12)
FNDA:0,(anonymous_13)
FNDA:0,(anonymous_14)
FNDA:0,(anonymous_15)
FNDA:0,(anonymous_16)
DA:32,0
DA:53,0
DA:54,0
DA:55,0
DA:57,0
DA:65,0
DA:66,0
DA:67,0
DA:70,0
DA:72,0
DA:76,0
DA:79,0
DA:80,0
DA:90,0
DA:91,0
DA:93,0
DA:95,0
DA:96,0
DA:99,0
DA:103,0
DA:104,0
DA:105,0
DA:106,0
DA:111,0
DA:112,0
DA:113,0
DA:114,0
DA:115,0
DA:116,0
DA:117,0
DA:121,0
DA:122,0
DA:123,0
DA:145,0
DA:181,0
DA:189,0
DA:229,0
DA:230,0
DA:245,0
LF:39
LH:0
BRDA:79,0,0,0
BRDA:79,0,1,0
BRDA:82,1,0,0
BRDA:82,1,1,0
BRDA:83,2,0,0
BRDA:83,2,1,0
BRDA:105,3,0,0
BRDA:105,3,1,0
BRDA:112,4,0,0
BRDA:112,4,1,0
BRDA:112,5,0,0
BRDA:112,5,1,0
BRDA:115,6,0,0
BRDA:115,6,1,0
BRDA:133,7,0,0
BRDA:150,8,0,0
BRDA:175,9,0,0
BRDA:179,10,0,0
BRDA:178,11,0,0
BRDA:178,11,1,0
BRDA:202,12,0,0
BRDA:230,13,0,0
BRDA:230,13,1,0
BRDA:242,14,0,0
BRDA:245,15,0,0
BRDA:245,15,1,0
BRDA:251,16,0,0
BRDA:256,17,0,0
BRDA:256,17,1,0
BRDA:256,17,2,0
BRDA:256,17,3,0
BRDA:264,18,0,0
BRDA:270,19,0,0
BRDA:270,19,1,0
BRF:34
BRH:0
end_of_record
TN:
SF:src\components\Itineraries\ItineraryForm.tsx
FN:61,(anonymous_0)
FN:92,(anonymous_1)
FN:97,(anonymous_2)
FN:101,(anonymous_3)
FN:112,(anonymous_4)
FN:127,(anonymous_5)
FN:140,(anonymous_6)
FN:160,(anonymous_8)
FN:179,(anonymous_10)
FN:194,(anonymous_11)
FN:213,(anonymous_12)
FN:248,(anonymous_13)
FN:299,(anonymous_15)
FNF:13
FNH:0
FNDA:0,(anonymous_0)
FNDA:0,(anonymous_1)
FNDA:0,(anonymous_2)
FNDA:0,(anonymous_3)
FNDA:0,(anonymous_4)
FNDA:0,(anonymous_5)
FNDA:0,(anonymous_6)
FNDA:0,(anonymous_8)
FNDA:0,(anonymous_10)
FNDA:0,(anonymous_11)
FNDA:0,(anonymous_12)
FNDA:0,(anonymous_13)
FNDA:0,(anonymous_15)
DA:33,0
DA:41,0
DA:61,0
DA:62,0
DA:63,0
DA:72,0
DA:85,0
DA:90,0
DA:92,0
DA:95,0
DA:97,0
DA:101,0
DA:102,0
DA:103,0
DA:104,0
DA:105,0
DA:106,0
DA:107,0
DA:108,0
DA:109,0
DA:110,0
DA:111,0
DA:112,0
DA:121,0
DA:122,0
DA:123,0
DA:127,0
DA:128,0
DA:132,0
DA:133,0
DA:134,0
DA:135,0
DA:136,0
DA:140,0
DA:141,0
DA:161,0
DA:180,0
DA:195,0
DA:196,0
DA:214,0
DA:215,0
DA:249,0
DA:299,0
LF:43
LH:0
BRDA:61,0,0,0
BRDA:102,1,0,0
BRDA:102,1,1,0
BRDA:107,2,0,0
BRDA:107,2,1,0
BRDA:111,3,0,0
BRDA:111,3,1,0
BRDA:111,4,0,0
BRDA:111,4,1,0
BRDA:116,5,0,0
BRDA:116,5,1,0
BRDA:117,6,0,0
BRDA:117,6,1,0
BRDA:130,7,0,0
BRDA:130,7,1,0
BRDA:133,8,0,0
BRDA:133,8,1,0
BRDA:147,9,0,0
BRDA:147,9,1,0
BRDA:196,10,0,0
BRDA:196,10,1,0
BRDA:215,11,0,0
BRDA:215,11,1,0
BRDA:318,12,0,0
BRDA:329,13,0,0
BRDA:329,13,1,0
BRDA:330,14,0,0
BRDA:330,14,1,0
BRDA:330,15,0,0
BRDA:330,15,1,0
BRDA:330,16,0,0
BRDA:330,16,1,0
BRF:32
BRH:0
end_of_record
TN:
SF:src\components\Itineraries\TimelineComponent.tsx
FN:9,(anonymous_0)
FN:10,(anonymous_1)
FN:41,(anonymous_2)
FNF:3
FNH:0
FNDA:0,(anonymous_0)
FNDA:0,(anonymous_1)
FNDA:0,(anonymous_2)
DA:9,0
DA:10,0
DA:11,0
DA:13,0
DA:15,0
DA:17,0
DA:19,0
DA:21,0
DA:25,0
DA:42,0
LF:10
LH:0
BRDA:11,0,0,0
BRDA:11,0,1,0
BRDA:11,0,2,0
BRDA:11,0,3,0
BRDA:11,0,4,0
BRDA:25,1,0,0
BRDA:25,1,1,0
BRDA:44,2,0,0
BRDA:84,3,0,0
BRDA:84,3,1,0
BRDA:86,4,0,0
BRDA:91,5,0,0
BRDA:96,6,0,0
BRDA:101,7,0,0
BRDA:106,8,0,0
BRDA:108,9,0,0
BRDA:108,9,1,0
BRDA:111,10,0,0
BRDA:116,11,0,0
BRDA:121,12,0,0
BRDA:126,13,0,0
BRDA:126,13,1,0
BRF:22
BRH:0
end_of_record
TN:
SF:src\components\Language\LanguageSwitcher.tsx
FN:9,(anonymous_0)
FN:13,(anonymous_1)
FN:17,(anonymous_2)
FN:21,(anonymous_3)
FN:39,(anonymous_4)
FN:42,(anonymous_5)
FNF:6
FNH:0
FNDA:0,(anonymous_0)
FNDA:0,(anonymous_1)
FNDA:0,(anonymous_2)
FNDA:0,(anonymous_3)
FNDA:0,(anonymous_4)
FNDA:0,(anonymous_5)
DA:9,0
DA:10,0
DA:11,0
DA:13,0
DA:14,0
DA:17,0
DA:18,0
DA:21,0
DA:22,0
DA:23,0
DA:26,0
DA:40,0
DA:42,0
LF:13
LH:0
BRF:0
BRH:0
end_of_record
TN:
SF:src\components\Layout\Header.tsx
FN:26,(anonymous_0)
FN:45,(anonymous_1)
FN:50,(anonymous_2)
FN:54,(anonymous_3)
FN:58,(anonymous_4)
FN:76,(anonymous_5)
FN:135,(anonymous_6)
FNF:7
FNH:0
FNDA:0,(anonymous_0)
FNDA:0,(anonymous_1)
FNDA:0,(anonymous_2)
FNDA:0,(anonymous_3)
FNDA:0,(anonymous_4)
FNDA:0,(anonymous_5)
FNDA:0,(anonymous_6)
DA:26,0
DA:27,0
DA:28,0
DA:29,0
DA:30,0
DA:31,0
DA:34,0
DA:45,0
DA:50,0
DA:51,0
DA:54,0
DA:55,0
DA:58,0
DA:59,0
DA:60,0
DA:76,0
DA:135,0
LF:17
LH:0
BRDA:92,0,0,0
BRF:1
BRH:0
end_of_record
TN:
SF:src\components\Layout\Layout.tsx
FN:11,(anonymous_0)
FNF:1
FNH:0
FNDA:0,(anonymous_0)
DA:11,0
LF:1
LH:0
BRF:0
BRH:0
end_of_record
TN:
SF:src\components\Layout\Sidebar.tsx
FN:81,(anonymous_0)
FN:87,(anonymous_1)
FN:110,(anonymous_2)
FN:114,(anonymous_3)
FNF:4
FNH:0
FNDA:0,(anonymous_0)
FNDA:0,(anonymous_1)
FNDA:0,(anonymous_2)
FNDA:0,(anonymous_3)
DA:43,0
DA:52,0
DA:81,0
DA:82,0
DA:83,0
DA:84,0
DA:86,0
DA:87,0
DA:88,0
DA:89,0
DA:111,0
DA:114,0
LF:12
LH:0
BRDA:86,0,0,0
BRDA:86,0,1,0
BRDA:88,1,0,0
BRDA:88,1,1,0
BRDA:88,2,0,0
BRDA:88,2,1,0
BRDA:89,3,0,0
BRDA:89,3,1,0
BRF:8
BRH:0
end_of_record
TN:
SF:src\components\Localization\LocalizedDatePicker.tsx
FN:15,(anonymous_0)
FNF:1
FNH:0
FNDA:0,(anonymous_0)
DA:15,0
DA:16,0
DA:17,0
LF:3
LH:0
BRDA:17,0,0,0
BRDA:17,0,1,0
BRF:2
BRH:0
end_of_record
TN:
SF:src\components\Notifications\NotificationCenter.tsx
FN:41,(anonymous_0)
FN:52,(anonymous_1)
FN:59,(anonymous_2)
FN:64,(anonymous_3)
FN:65,(anonymous_4)
FN:72,(anonymous_5)
FN:75,(anonymous_6)
FN:76,(anonymous_7)
FN:79,(anonymous_8)
FN:87,(anonymous_9)
FN:88,(anonymous_10)
FN:95,(anonymous_11)
FN:103,(anonymous_12)
FN:126,(anonymous_13)
FN:138,(anonymous_14)
FN:153,(anonymous_15)
FN:159,(anonymous_16)
FN:198,(anonymous_17)
FN:209,(anonymous_18)
FN:253,(anonymous_19)
FN:263,(anonymous_20)
FN:285,(anonymous_21)
FNF:22
FNH:0
FNDA:0,(anonymous_0)
FNDA:0,(anonymous_1)
FNDA:0,(anonymous_2)
FNDA:0,(anonymous_3)
FNDA:0,(anonymous_4)
FNDA:0,(anonymous_5)
FNDA:0,(anonymous_6)
FNDA:0,(anonymous_7)
FNDA:0,(anonymous_8)
FNDA:0,(anonymous_9)
FNDA:0,(anonymous_10)
FNDA:0,(anonymous_11)
FNDA:0,(anonymous_12)
FNDA:0,(anonymous_13)
FNDA:0,(anonymous_14)
FNDA:0,(anonymous_15)
FNDA:0,(anonymous_16)
FNDA:0,(anonymous_17)
FNDA:0,(anonymous_18)
FNDA:0,(anonymous_19)
FNDA:0,(anonymous_20)
FNDA:0,(anonymous_21)
DA:41,0
DA:42,0
DA:43,0
DA:44,0
DA:45,0
DA:48,0
DA:50,0
DA:52,0
DA:57,0
DA:59,0
DA:63,0
DA:64,0
DA:66,0
DA:67,0
DA:71,0
DA:74,0
DA:75,0
DA:76,0
DA:80,0
DA:81,0
DA:82,0
DA:86,0
DA:87,0
DA:89,0
DA:90,0
DA:91,0
DA:95,0
DA:96,0
DA:97,0
DA:100,0
DA:103,0
DA:104,0
DA:106,0
DA:108,0
DA:110,0
DA:112,0
DA:114,0
DA:118,0
DA:119,0
DA:126,0
DA:138,0
DA:153,0
DA:159,0
DA:199,0
DA:209,0
DA:254,0
DA:255,0
DA:264,0
DA:265,0
DA:286,0
DA:288,0
LF:51
LH:0
BRDA:41,0,0,0
BRDA:74,1,0,0
BRDA:74,1,1,0
BRDA:96,2,0,0
BRDA:96,2,1,0
BRDA:104,3,0,0
BRDA:104,3,1,0
BRDA:104,3,2,0
BRDA:104,3,3,0
BRDA:104,3,4,0
BRDA:118,4,0,0
BRDA:118,4,1,0
BRDA:119,5,0,0
BRDA:119,5,1,0
BRDA:150,6,0,0
BRDA:166,7,0,0
BRDA:186,8,0,0
BRDA:190,9,0,0
BRDA:203,10,0,0
BRDA:203,10,1,0
BRDA:212,11,0,0
BRDA:225,12,0,0
BRDA:225,12,1,0
BRDA:250,13,0,0
BRDA:273,14,0,0
BRDA:273,14,1,0
BRF:26
BRH:0
end_of_record
TN:
SF:src\components\Payments\PaymentForm.tsx
FN:59,(anonymous_0)
FN:82,(anonymous_1)
FN:88,(anonymous_2)
FN:94,(anonymous_3)
FN:100,(anonymous_4)
FN:106,(anonymous_5)
FN:111,(anonymous_6)
FN:132,(anonymous_7)
FN:153,(anonymous_8)
FN:265,(anonymous_13)
FN:290,(anonymous_15)
FN:310,(anonymous_17)
FN:330,(anonymous_19)
FN:350,(anonymous_21)
FNF:14
FNH:0
FNDA:0,(anonymous_0)
FNDA:0,(anonymous_1)
FNDA:0,(anonymous_2)
FNDA:0,(anonymous_3)
FNDA:0,(anonymous_4)
FNDA:0,(anonymous_5)
FNDA:0,(anonymous_6)
FNDA:0,(anonymous_7)
FNDA:0,(anonymous_8)
FNDA:0,(anonymous_13)
FNDA:0,(anonymous_15)
FNDA:0,(anonymous_17)
FNDA:0,(anonymous_19)
FNDA:0,(anonymous_21)
DA:30,0
DA:59,0
DA:68,0
DA:80,0
DA:82,0
DA:86,0
DA:88,0
DA:92,0
DA:94,0
DA:98,0
DA:100,0
DA:104,0
DA:106,0
DA:111,0
DA:112,0
DA:113,0
DA:114,0
DA:115,0
DA:118,0
DA:120,0
DA:121,0
DA:123,0
DA:124,0
DA:126,0
DA:127,0
DA:132,0
DA:133,0
DA:134,0
DA:145,0
DA:146,0
DA:147,0
DA:149,0
DA:153,0
DA:154,0
DA:155,0
DA:266,0
DA:291,0
DA:311,0
DA:331,0
DA:351,0
LF:40
LH:0
BRDA:59,0,0,0
BRDA:112,1,0,0
BRDA:112,1,1,0
BRDA:118,2,0,0
BRDA:118,2,1,0
BRDA:118,2,2,0
BRDA:138,3,0,0
BRDA:138,3,1,0
BRDA:138,4,0,0
BRDA:138,4,1,0
BRDA:139,5,0,0
BRDA:139,5,1,0
BRDA:139,6,0,0
BRDA:139,6,1,0
BRDA:140,7,0,0
BRDA:140,7,1,0
BRDA:140,8,0,0
BRDA:140,8,1,0
BRDA:141,9,0,0
BRDA:141,9,1,0
BRDA:141,10,0,0
BRDA:141,10,1,0
BRDA:142,11,0,0
BRDA:142,11,1,0
BRDA:165,12,0,0
BRDA:181,13,0,0
BRDA:181,13,1,0
BRDA:187,14,0,0
BRDA:187,14,1,0
BRDA:193,15,0,0
BRDA:193,15,1,0
BRDA:203,16,0,0
BRDA:211,17,0,0
BRDA:211,17,1,0
BRDA:217,18,0,0
BRDA:217,18,1,0
BRDA:227,19,0,0
BRDA:248,20,0,0
BRDA:248,20,1,0
BRDA:257,21,0,0
BRDA:257,21,1,0
BRDA:263,22,0,0
BRDA:263,22,1,0
BRDA:274,23,0,0
BRDA:282,24,0,0
BRDA:282,24,1,0
BRDA:288,25,0,0
BRDA:288,25,1,0
BRDA:302,26,0,0
BRDA:302,26,1,0
BRDA:308,27,0,0
BRDA:308,27,1,0
BRDA:322,28,0,0
BRDA:322,28,1,0
BRDA:328,29,0,0
BRDA:328,29,1,0
BRDA:342,30,0,0
BRDA:342,30,1,0
BRDA:348,31,0,0
BRDA:348,31,1,0
BRDA:352,32,0,0
BRDA:352,32,1,0
BRDA:370,33,0,0
BRDA:370,33,1,0
BRDA:377,34,0,0
BRDA:377,34,1,0
BRDA:380,35,0,0
BRDA:380,35,1,0
BRDA:381,36,0,0
BRDA:381,36,1,0
BRDA:381,37,0,0
BRDA:381,37,1,0
BRF:72
BRH:0
end_of_record
TN:
SF:src\components\Reservations\ReservationForm.tsx
FN:37,(anonymous_0)
FN:40,(anonymous_1)
FN:45,(anonymous_2)
FN:66,(anonymous_3)
FN:84,(anonymous_4)
FN:123,(anonymous_6)
FN:147,(anonymous_8)
FNF:7
FNH:0
FNDA:0,(anonymous_0)
FNDA:0,(anonymous_1)
FNDA:0,(anonymous_2)
FNDA:0,(anonymous_3)
FNDA:0,(anonymous_4)
FNDA:0,(anonymous_6)
FNDA:0,(anonymous_8)
DA:19,0
DA:37,0
DA:38,0
DA:40,0
DA:43,0
DA:45,0
DA:55,0
DA:66,0
DA:67,0
DA:68,0
DA:69,0
DA:70,0
DA:71,0
DA:72,0
DA:74,0
DA:84,0
DA:85,0
DA:86,0
DA:88,0
DA:124,0
DA:148,0
LF:21
LH:0
BRDA:37,0,0,0
BRDA:67,1,0,0
BRDA:67,1,1,0
BRDA:72,2,0,0
BRDA:72,2,1,0
BRDA:95,3,0,0
BRDA:95,3,1,0
BRDA:189,4,0,0
BRDA:189,4,1,0
BRDA:192,5,0,0
BRDA:192,5,1,0
BRDA:193,6,0,0
BRDA:193,6,1,0
BRDA:193,7,0,0
BRDA:193,7,1,0
BRDA:193,8,0,0
BRDA:193,8,1,0
BRF:17
BRH:0
end_of_record
TN:
SF:src\components\Restaurants\RestaurantForm.tsx
FN:48,(anonymous_0)
FN:73,(anonymous_1)
FN:77,(anonymous_2)
FN:93,(anonymous_3)
FN:138,(anonymous_5)
FNF:5
FNH:0
FNDA:0,(anonymous_0)
FNDA:0,(anonymous_1)
FNDA:0,(anonymous_2)
FNDA:0,(anonymous_3)
FNDA:0,(anonymous_5)
DA:26,0
DA:48,0
DA:56,0
DA:71,0
DA:73,0
DA:77,0
DA:78,0
DA:79,0
DA:80,0
DA:81,0
DA:82,0
DA:83,0
DA:84,0
DA:85,0
DA:86,0
DA:87,0
DA:89,0
DA:93,0
DA:94,0
DA:95,0
DA:96,0
DA:139,0
LF:22
LH:0
BRDA:48,0,0,0
BRDA:78,1,0,0
BRDA:78,1,1,0
BRDA:82,2,0,0
BRDA:82,2,1,0
BRDA:83,3,0,0
BRDA:83,3,1,0
BRDA:84,4,0,0
BRDA:84,4,1,0
BRDA:86,5,0,0
BRDA:86,5,1,0
BRDA:95,6,0,0
BRDA:95,6,1,0
BRDA:103,7,0,0
BRDA:103,7,1,0
BRDA:146,8,0,0
BRDA:218,9,0,0
BRDA:218,9,1,0
BRDA:219,10,0,0
BRDA:219,10,1,0
BRDA:219,11,0,0
BRDA:219,11,1,0
BRDA:219,12,0,0
BRDA:219,12,1,0
BRF:24
BRH:0
end_of_record
TN:
SF:src\components\RoomContext\RoomContext.tsx
FN:29,(anonymous_0)
FN:37,(anonymous_1)
FN:46,(anonymous_2)
FN:72,(anonymous_3)
FN:101,(anonymous_6)
FN:176,(anonymous_7)
FN:215,(anonymous_8)
FN:246,(anonymous_9)
FN:274,(anonymous_10)
FNF:9
FNH:0
FNDA:0,(anonymous_0)
FNDA:0,(anonymous_1)
FNDA:0,(anonymous_2)
FNDA:0,(anonymous_3)
FNDA:0,(anonymous_6)
FNDA:0,(anonymous_7)
FNDA:0,(anonymous_8)
FNDA:0,(anonymous_9)
FNDA:0,(anonymous_10)
DA:29,0
DA:30,0
DA:31,0
DA:32,0
DA:33,0
DA:35,0
DA:37,0
DA:46,0
DA:47,0
DA:48,0
DA:49,0
DA:51,0
DA:72,0
DA:101,0
DA:177,0
DA:216,0
DA:247,0
DA:275,0
LF:18
LH:0
BRDA:39,0,0,0
BRDA:39,0,1,0
BRDA:40,1,0,0
BRDA:40,1,1,0
BRDA:47,2,0,0
BRDA:47,2,1,0
BRDA:47,3,0,0
BRDA:47,3,1,0
BRDA:47,3,2,0
BRDA:100,4,0,0
BRDA:100,4,1,0
BRDA:101,5,0,0
BRDA:101,5,1,0
BRDA:109,6,0,0
BRDA:109,6,1,0
BRDA:109,6,2,0
BRDA:118,7,0,0
BRDA:124,8,0,0
BRDA:130,9,0,0
BRDA:160,10,0,0
BRDA:182,11,0,0
BRDA:182,11,1,0
BRDA:184,12,0,0
BRDA:184,12,1,0
BRDA:194,13,0,0
BRDA:194,13,1,0
BRDA:194,13,2,0
BRDA:200,14,0,0
BRDA:232,15,0,0
BRDA:260,16,0,0
BRF:30
BRH:0
end_of_record
TN:
SF:src\components\ServicePackages\ServicePackageForm.tsx
FN:53,(anonymous_0)
FN:82,(anonymous_1)
FN:99,(anonymous_2)
FN:164,(anonymous_4)
FN:196,(anonymous_7)
FN:216,(anonymous_9)
FNF:6
FNH:0
FNDA:0,(anonymous_0)
FNDA:0,(anonymous_1)
FNDA:0,(anonymous_2)
FNDA:0,(anonymous_4)
FNDA:0,(anonymous_7)
FNDA:0,(anonymous_9)
DA:30,0
DA:53,0
DA:63,0
DA:79,0
DA:82,0
DA:83,0
DA:84,0
DA:85,0
DA:86,0
DA:87,0
DA:88,0
DA:89,0
DA:90,0
DA:91,0
DA:92,0
DA:93,0
DA:95,0
DA:99,0
DA:100,0
DA:101,0
DA:114,0
DA:115,0
DA:118,0
DA:119,0
DA:120,0
DA:123,0
DA:165,0
DA:196,0
DA:216,0
LF:29
LH:0
BRDA:53,0,0,0
BRDA:83,1,0,0
BRDA:83,1,1,0
BRDA:85,2,0,0
BRDA:85,2,1,0
BRDA:87,3,0,0
BRDA:87,3,1,0
BRDA:88,4,0,0
BRDA:88,4,1,0
BRDA:89,5,0,0
BRDA:89,5,1,0
BRDA:90,6,0,0
BRDA:90,6,1,0
BRDA:92,7,0,0
BRDA:92,7,1,0
BRDA:93,8,0,0
BRDA:93,8,1,0
BRDA:103,9,0,0
BRDA:103,9,1,0
BRDA:105,10,0,0
BRDA:105,10,1,0
BRDA:106,11,0,0
BRDA:106,11,1,0
BRDA:107,12,0,0
BRDA:107,12,1,0
BRDA:108,13,0,0
BRDA:108,13,1,0
BRDA:110,14,0,0
BRDA:110,14,1,0
BRDA:111,15,0,0
BRDA:111,15,1,0
BRDA:114,16,0,0
BRDA:114,16,1,0
BRDA:119,17,0,0
BRDA:119,17,1,0
BRDA:131,18,0,0
BRDA:131,18,1,0
BRDA:275,19,0,0
BRDA:275,19,1,0
BRDA:278,20,0,0
BRDA:278,20,1,0
BRDA:279,21,0,0
BRDA:279,21,1,0
BRDA:279,22,0,0
BRDA:279,22,1,0
BRDA:279,23,0,0
BRDA:279,23,1,0
BRF:47
BRH:0
end_of_record
TN:
SF:src\components\Tours\CityTourForm.tsx
FN:31,(anonymous_0)
FN:44,(anonymous_1)
FN:48,(anonymous_2)
FN:52,(anonymous_3)
FN:61,(anonymous_4)
FN:95,(anonymous_5)
FN:99,(anonymous_6)
FN:116,(anonymous_7)
FN:135,(anonymous_8)
FN:218,(anonymous_9)
FN:226,(anonymous_10)
FN:232,(anonymous_11)
FN:241,(anonymous_12)
FN:246,(anonymous_13)
FN:249,(anonymous_14)
FN:262,(anonymous_15)
FN:329,(anonymous_16)
FN:410,(anonymous_17)
FN:470,(anonymous_20)
FN:497,(anonymous_22)
FN:522,(anonymous_24)
FN:546,(anonymous_26)
FN:585,(anonymous_28)
FN:606,(anonymous_29)
FN:617,(anonymous_30)
FN:628,(anonymous_31)
FN:639,(anonymous_32)
FN:650,(anonymous_33)
FN:661,(anonymous_34)
FN:672,(anonymous_35)
FN:683,(anonymous_36)
FN:694,(anonymous_37)
FN:712,(anonymous_38)
FN:736,(anonymous_39)
FN:747,(anonymous_40)
FN:760,(anonymous_41)
FN:771,(anonymous_42)
FN:786,(anonymous_43)
FN:848,(anonymous_46)
FNF:39
FNH:0
FNDA:0,(anonymous_0)
FNDA:0,(anonymous_1)
FNDA:0,(anonymous_2)
FNDA:0,(anonymous_3)
FNDA:0,(anonymous_4)
FNDA:0,(anonymous_5)
FNDA:0,(anonymous_6)
FNDA:0,(anonymous_7)
FNDA:0,(anonymous_8)
FNDA:0,(anonymous_9)
FNDA:0,(anonymous_10)
FNDA:0,(anonymous_11)
FNDA:0,(anonymous_12)
FNDA:0,(anonymous_13)
FNDA:0,(anonymous_14)
FNDA:0,(anonymous_15)
FNDA:0,(anonymous_16)
FNDA:0,(anonymous_17)
FNDA:0,(anonymous_20)
FNDA:0,(anonymous_22)
FNDA:0,(anonymous_24)
FNDA:0,(anonymous_26)
FNDA:0,(anonymous_28)
FNDA:0,(anonymous_29)
FNDA:0,(anonymous_30)
FNDA:0,(anonymous_31)
FNDA:0,(anonymous_32)
FNDA:0,(anonymous_33)
FNDA:0,(anonymous_34)
FNDA:0,(anonymous_35)
FNDA:0,(anonymous_36)
FNDA:0,(anonymous_37)
FNDA:0,(anonymous_38)
FNDA:0,(anonymous_39)
FNDA:0,(anonymous_40)
FNDA:0,(anonymous_41)
FNDA:0,(anonymous_42)
FNDA:0,(anonymous_43)
FNDA:0,(anonymous_46)
DA:30,0
DA:31,0
DA:36,0
DA:44,0
DA:48,0
DA:52,0
DA:61,0
DA:95,0
DA:99,0
DA:116,0
DA:135,0
DA:144,0
DA:216,0
DA:218,0
DA:224,0
DA:226,0
DA:230,0
DA:232,0
DA:236,0
DA:237,0
DA:239,0
DA:241,0
DA:246,0
DA:247,0
DA:249,0
DA:250,0
DA:251,0
DA:253,0
DA:255,0
DA:259,0
DA:262,0
DA:263,0
DA:264,0
DA:265,0
DA:266,0
DA:267,0
DA:268,0
DA:269,0
DA:270,0
DA:271,0
DA:272,0
DA:273,0
DA:274,0
DA:275,0
DA:276,0
DA:277,0
DA:278,0
DA:279,0
DA:280,0
DA:281,0
DA:283,0
DA:284,0
DA:285,0
DA:286,0
DA:287,0
DA:288,0
DA:289,0
DA:292,0
DA:293,0
DA:294,0
DA:297,0
DA:298,0
DA:299,0
DA:300,0
DA:303,0
DA:304,0
DA:307,0
DA:308,0
DA:309,0
DA:312,0
DA:313,0
DA:314,0
DA:315,0
DA:318,0
DA:319,0
DA:320,0
DA:323,0
DA:325,0
DA:329,0
DA:330,0
DA:331,0
DA:395,0
DA:396,0
DA:397,0
DA:398,0
DA:399,0
DA:402,0
DA:403,0
DA:404,0
DA:406,0
DA:410,0
DA:411,0
DA:412,0
DA:415,0
DA:471,0
DA:498,0
DA:523,0
DA:547,0
DA:586,0
DA:606,0
DA:617,0
DA:628,0
DA:639,0
DA:650,0
DA:661,0
DA:672,0
DA:683,0
DA:694,0
DA:712,0
DA:736,0
DA:747,0
DA:760,0
DA:771,0
DA:786,0
DA:848,0
LF:115
LH:0
BRDA:31,0,0,0
BRDA:31,0,1,0
BRDA:31,1,0,0
BRDA:31,1,1,0
BRDA:31,1,2,0
BRDA:44,2,0,0
BRDA:44,2,1,0
BRDA:44,3,0,0
BRDA:44,3,1,0
BRDA:44,3,2,0
BRDA:48,4,0,0
BRDA:48,4,1,0
BRDA:48,5,0,0
BRDA:48,5,1,0
BRDA:48,5,2,0
BRDA:52,6,0,0
BRDA:52,6,1,0
BRDA:52,7,0,0
BRDA:52,7,1,0
BRDA:52,7,2,0
BRDA:61,8,0,0
BRDA:61,8,1,0
BRDA:61,9,0,0
BRDA:61,9,1,0
BRDA:61,9,2,0
BRDA:95,10,0,0
BRDA:95,10,1,0
BRDA:95,11,0,0
BRDA:95,11,1,0
BRDA:95,11,2,0
BRDA:99,12,0,0
BRDA:99,12,1,0
BRDA:99,13,0,0
BRDA:99,13,1,0
BRDA:99,13,2,0
BRDA:116,14,0,0
BRDA:116,14,1,0
BRDA:116,15,0,0
BRDA:116,15,1,0
BRDA:116,15,2,0
BRDA:135,16,0,0
BRDA:241,17,0,0
BRDA:241,17,1,0
BRDA:242,18,0,0
BRDA:242,18,1,0
BRDA:242,18,2,0
BRDA:247,19,0,0
BRDA:247,19,1,0
BRDA:247,20,0,0
BRDA:247,20,1,0
BRDA:250,21,0,0
BRDA:250,21,1,0
BRDA:253,22,0,0
BRDA:253,22,1,0
BRDA:263,23,0,0
BRDA:263,23,1,0
BRDA:269,24,0,0
BRDA:269,24,1,0
BRDA:271,25,0,0
BRDA:271,25,1,0
BRDA:272,26,0,0
BRDA:272,26,1,0
BRDA:273,27,0,0
BRDA:273,27,1,0
BRDA:274,28,0,0
BRDA:274,28,1,0
BRDA:275,29,0,0
BRDA:275,29,1,0
BRDA:276,30,0,0
BRDA:276,30,1,0
BRDA:277,31,0,0
BRDA:277,31,1,0
BRDA:278,32,0,0
BRDA:278,32,1,0
BRDA:279,33,0,0
BRDA:279,33,1,0
BRDA:280,34,0,0
BRDA:280,34,1,0
BRDA:281,35,0,0
BRDA:281,35,1,0
BRDA:283,36,0,0
BRDA:283,36,1,0
BRDA:284,37,0,0
BRDA:284,37,1,0
BRDA:285,38,0,0
BRDA:285,38,1,0
BRDA:286,39,0,0
BRDA:286,39,1,0
BRDA:287,40,0,0
BRDA:287,40,1,0
BRDA:288,41,0,0
BRDA:288,41,1,0
BRDA:289,42,0,0
BRDA:289,42,1,0
BRDA:292,43,0,0
BRDA:292,43,1,0
BRDA:293,44,0,0
BRDA:293,44,1,0
BRDA:294,45,0,0
BRDA:294,45,1,0
BRDA:297,46,0,0
BRDA:297,46,1,0
BRDA:298,47,0,0
BRDA:298,47,1,0
BRDA:299,48,0,0
BRDA:299,48,1,0
BRDA:300,49,0,0
BRDA:300,49,1,0
BRDA:303,50,0,0
BRDA:303,50,1,0
BRDA:304,51,0,0
BRDA:304,51,1,0
BRDA:307,52,0,0
BRDA:307,52,1,0
BRDA:308,53,0,0
BRDA:308,53,1,0
BRDA:309,54,0,0
BRDA:309,54,1,0
BRDA:312,55,0,0
BRDA:312,55,1,0
BRDA:313,56,0,0
BRDA:313,56,1,0
BRDA:314,57,0,0
BRDA:314,57,1,0
BRDA:315,58,0,0
BRDA:315,58,1,0
BRDA:318,59,0,0
BRDA:318,59,1,0
BRDA:319,60,0,0
BRDA:319,60,1,0
BRDA:320,61,0,0
BRDA:320,61,1,0
BRDA:323,62,0,0
BRDA:323,62,1,0
BRDA:341,63,0,0
BRDA:341,63,1,0
BRDA:342,64,0,0
BRDA:342,64,1,0
BRDA:343,65,0,0
BRDA:343,65,1,0
BRDA:344,66,0,0
BRDA:344,66,1,0
BRDA:345,67,0,0
BRDA:345,67,1,0
BRDA:346,68,0,0
BRDA:346,68,1,0
BRDA:347,69,0,0
BRDA:347,69,1,0
BRDA:348,70,0,0
BRDA:348,70,1,0
BRDA:349,71,0,0
BRDA:349,71,1,0
BRDA:351,72,0,0
BRDA:351,72,1,0
BRDA:352,73,0,0
BRDA:352,73,1,0
BRDA:353,74,0,0
BRDA:353,74,1,0
BRDA:354,75,0,0
BRDA:354,75,1,0
BRDA:355,76,0,0
BRDA:355,76,1,0
BRDA:356,77,0,0
BRDA:356,77,1,0
BRDA:357,78,0,0
BRDA:357,78,1,0
BRDA:360,79,0,0
BRDA:360,79,1,0
BRDA:360,80,0,0
BRDA:360,80,1,0
BRDA:361,81,0,0
BRDA:361,81,1,0
BRDA:361,82,0,0
BRDA:361,82,1,0
BRDA:362,83,0,0
BRDA:362,83,1,0
BRDA:362,84,0,0
BRDA:362,84,1,0
BRDA:365,85,0,0
BRDA:365,85,1,0
BRDA:366,86,0,0
BRDA:366,86,1,0
BRDA:367,87,0,0
BRDA:367,87,1,0
BRDA:368,88,0,0
BRDA:368,88,1,0
BRDA:371,89,0,0
BRDA:371,89,1,0
BRDA:372,90,0,0
BRDA:372,90,1,0
BRDA:375,91,0,0
BRDA:375,91,1,0
BRDA:376,92,0,0
BRDA:376,92,1,0
BRDA:377,93,0,0
BRDA:377,93,1,0
BRDA:380,94,0,0
BRDA:380,94,1,0
BRDA:381,95,0,0
BRDA:381,95,1,0
BRDA:382,96,0,0
BRDA:382,96,1,0
BRDA:382,97,0,0
BRDA:382,97,1,0
BRDA:383,98,0,0
BRDA:383,98,1,0
BRDA:383,99,0,0
BRDA:383,99,1,0
BRDA:386,100,0,0
BRDA:386,100,1,0
BRDA:387,101,0,0
BRDA:387,101,1,0
BRDA:388,102,0,0
BRDA:388,102,1,0
BRDA:391,103,0,0
BRDA:391,103,1,0
BRDA:395,104,0,0
BRDA:395,104,1,0
BRDA:395,105,0,0
BRDA:395,105,1,0
BRDA:397,106,0,0
BRDA:397,106,1,0
BRDA:398,107,0,0
BRDA:398,107,1,0
BRDA:399,108,0,0
BRDA:399,108,1,0
BRDA:421,109,0,0
BRDA:421,109,1,0
BRDA:439,110,0,0
BRDA:439,110,1,0
BRDA:456,111,0,0
BRDA:456,111,1,0
BRDA:462,112,0,0
BRDA:462,112,1,0
BRDA:468,113,0,0
BRDA:468,113,1,0
BRDA:479,114,0,0
BRDA:489,115,0,0
BRDA:489,115,1,0
BRDA:489,115,2,0
BRDA:495,116,0,0
BRDA:495,116,1,0
BRDA:506,117,0,0
BRDA:514,118,0,0
BRDA:514,118,1,0
BRDA:520,119,0,0
BRDA:520,119,1,0
BRDA:531,120,0,0
BRDA:539,121,0,0
BRDA:539,121,1,0
BRDA:555,122,0,0
BRDA:571,123,0,0
BRDA:571,123,1,0
BRDA:577,124,0,0
BRDA:577,124,1,0
BRDA:583,125,0,0
BRDA:583,125,1,0
BRDA:588,126,0,0
BRDA:588,126,1,0
BRDA:595,127,0,0
BRDA:606,128,0,0
BRDA:606,128,1,0
BRDA:609,129,0,0
BRDA:609,129,1,0
BRDA:617,130,0,0
BRDA:617,130,1,0
BRDA:620,131,0,0
BRDA:620,131,1,0
BRDA:628,132,0,0
BRDA:628,132,1,0
BRDA:631,133,0,0
BRDA:631,133,1,0
BRDA:639,134,0,0
BRDA:639,134,1,0
BRDA:642,135,0,0
BRDA:642,135,1,0
BRDA:650,136,0,0
BRDA:650,136,1,0
BRDA:653,137,0,0
BRDA:653,137,1,0
BRDA:661,138,0,0
BRDA:661,138,1,0
BRDA:664,139,0,0
BRDA:664,139,1,0
BRDA:672,140,0,0
BRDA:672,140,1,0
BRDA:675,141,0,0
BRDA:675,141,1,0
BRDA:683,142,0,0
BRDA:683,142,1,0
BRDA:686,143,0,0
BRDA:686,143,1,0
BRDA:694,144,0,0
BRDA:694,144,1,0
BRDA:697,145,0,0
BRDA:697,145,1,0
BRDA:712,146,0,0
BRDA:712,146,1,0
BRDA:715,147,0,0
BRDA:715,147,1,0
BRDA:727,148,0,0
BRDA:727,148,1,0
BRDA:736,149,0,0
BRDA:736,149,1,0
BRDA:739,150,0,0
BRDA:739,150,1,0
BRDA:747,151,0,0
BRDA:747,151,1,0
BRDA:750,152,0,0
BRDA:750,152,1,0
BRDA:760,153,0,0
BRDA:760,153,1,0
BRDA:763,154,0,0
BRDA:763,154,1,0
BRDA:771,155,0,0
BRDA:771,155,1,0
BRDA:774,156,0,0
BRDA:774,156,1,0
BRDA:786,157,0,0
BRDA:786,157,1,0
BRDA:789,158,0,0
BRDA:789,158,1,0
BRDA:793,159,0,0
BRDA:801,160,0,0
BRDA:801,160,1,0
BRDA:808,161,0,0
BRDA:818,162,0,0
BRDA:818,162,1,0
BRDA:824,163,0,0
BRDA:824,163,1,0
BRDA:830,164,0,0
BRDA:830,164,1,0
BRDA:848,165,0,0
BRDA:848,165,1,0
BRDA:851,166,0,0
BRDA:851,166,1,0
BRDA:862,167,0,0
BRDA:862,167,1,0
BRDA:865,168,0,0
BRDA:865,168,1,0
BRDA:866,169,0,0
BRDA:866,169,1,0
BRDA:866,170,0,0
BRDA:866,170,1,0
BRDA:866,171,0,0
BRDA:866,171,1,0
BRF:346
BRH:0
end_of_record
TN:
SF:src\components\Tours\YachtTourForm.tsx
FN:32,(anonymous_0)
FN:43,(anonymous_1)
FN:47,(anonymous_2)
FN:64,(anonymous_3)
FN:79,(anonymous_4)
FN:87,(anonymous_5)
FN:96,(anonymous_6)
FN:101,(anonymous_7)
FN:130,(anonymous_8)
FN:149,(anonymous_9)
FN:242,(anonymous_10)
FN:250,(anonymous_11)
FN:257,(anonymous_12)
FN:331,(anonymous_13)
FN:422,(anonymous_14)
FN:476,(anonymous_16)
FN:506,(anonymous_18)
FN:533,(anonymous_20)
FN:558,(anonymous_22)
FN:578,(anonymous_23)
FN:589,(anonymous_24)
FN:600,(anonymous_25)
FN:611,(anonymous_26)
FN:622,(anonymous_27)
FN:633,(anonymous_28)
FN:648,(anonymous_29)
FN:661,(anonymous_30)
FN:679,(anonymous_31)
FN:703,(anonymous_32)
FN:714,(anonymous_33)
FN:727,(anonymous_34)
FN:738,(anonymous_35)
FN:800,(anonymous_38)
FNF:33
FNH:0
FNDA:0,(anonymous_0)
FNDA:0,(anonymous_1)
FNDA:0,(anonymous_2)
FNDA:0,(anonymous_3)
FNDA:0,(anonymous_4)
FNDA:0,(anonymous_5)
FNDA:0,(anonymous_6)
FNDA:0,(anonymous_7)
FNDA:0,(anonymous_8)
FNDA:0,(anonymous_9)
FNDA:0,(anonymous_10)
FNDA:0,(anonymous_11)
FNDA:0,(anonymous_12)
FNDA:0,(anonymous_13)
FNDA:0,(anonymous_14)
FNDA:0,(anonymous_16)
FNDA:0,(anonymous_18)
FNDA:0,(anonymous_20)
FNDA:0,(anonymous_22)
FNDA:0,(anonymous_23)
FNDA:0,(anonymous_24)
FNDA:0,(anonymous_25)
FNDA:0,(anonymous_26)
FNDA:0,(anonymous_27)
FNDA:0,(anonymous_28)
FNDA:0,(anonymous_29)
FNDA:0,(anonymous_30)
FNDA:0,(anonymous_31)
FNDA:0,(anonymous_32)
FNDA:0,(anonymous_33)
FNDA:0,(anonymous_34)
FNDA:0,(anonymous_35)
FNDA:0,(anonymous_38)
DA:31,0
DA:32,0
DA:37,0
DA:43,0
DA:47,0
DA:64,0
DA:79,0
DA:87,0
DA:96,0
DA:101,0
DA:130,0
DA:149,0
DA:158,0
DA:240,0
DA:242,0
DA:248,0
DA:250,0
DA:254,0
DA:257,0
DA:258,0
DA:259,0
DA:260,0
DA:261,0
DA:262,0
DA:263,0
DA:264,0
DA:265,0
DA:266,0
DA:267,0
DA:268,0
DA:269,0
DA:270,0
DA:271,0
DA:272,0
DA:273,0
DA:275,0
DA:276,0
DA:277,0
DA:278,0
DA:279,0
DA:280,0
DA:281,0
DA:284,0
DA:285,0
DA:288,0
DA:289,0
DA:292,0
DA:293,0
DA:294,0
DA:295,0
DA:298,0
DA:299,0
DA:300,0
DA:301,0
DA:304,0
DA:305,0
DA:306,0
DA:307,0
DA:310,0
DA:311,0
DA:312,0
DA:315,0
DA:316,0
DA:317,0
DA:318,0
DA:321,0
DA:322,0
DA:325,0
DA:327,0
DA:331,0
DA:332,0
DA:333,0
DA:402,0
DA:403,0
DA:407,0
DA:408,0
DA:409,0
DA:410,0
DA:411,0
DA:414,0
DA:415,0
DA:416,0
DA:418,0
DA:422,0
DA:423,0
DA:424,0
DA:476,0
DA:507,0
DA:534,0
DA:559,0
DA:578,0
DA:589,0
DA:600,0
DA:611,0
DA:622,0
DA:633,0
DA:648,0
DA:661,0
DA:679,0
DA:703,0
DA:714,0
DA:727,0
DA:738,0
DA:800,0
LF:104
LH:0
BRDA:32,0,0,0
BRDA:32,0,1,0
BRDA:32,1,0,0
BRDA:32,1,1,0
BRDA:32,1,2,0
BRDA:43,2,0,0
BRDA:43,2,1,0
BRDA:43,3,0,0
BRDA:43,3,1,0
BRDA:43,3,2,0
BRDA:47,4,0,0
BRDA:47,4,1,0
BRDA:47,5,0,0
BRDA:47,5,1,0
BRDA:47,5,2,0
BRDA:64,6,0,0
BRDA:64,6,1,0
BRDA:64,7,0,0
BRDA:64,7,1,0
BRDA:64,7,2,0
BRDA:79,8,0,0
BRDA:79,8,1,0
BRDA:79,9,0,0
BRDA:79,9,1,0
BRDA:79,9,2,0
BRDA:87,10,0,0
BRDA:87,10,1,0
BRDA:87,11,0,0
BRDA:87,11,1,0
BRDA:87,11,2,0
BRDA:96,12,0,0
BRDA:96,12,1,0
BRDA:96,13,0,0
BRDA:96,13,1,0
BRDA:96,13,2,0
BRDA:101,14,0,0
BRDA:101,14,1,0
BRDA:101,15,0,0
BRDA:101,15,1,0
BRDA:101,15,2,0
BRDA:130,16,0,0
BRDA:130,16,1,0
BRDA:130,17,0,0
BRDA:130,17,1,0
BRDA:130,17,2,0
BRDA:149,18,0,0
BRDA:258,19,0,0
BRDA:258,19,1,0
BRDA:262,20,0,0
BRDA:262,20,1,0
BRDA:265,21,0,0
BRDA:265,21,1,0
BRDA:267,22,0,0
BRDA:267,22,1,0
BRDA:268,23,0,0
BRDA:268,23,1,0
BRDA:269,24,0,0
BRDA:269,24,1,0
BRDA:270,25,0,0
BRDA:270,25,1,0
BRDA:271,26,0,0
BRDA:271,26,1,0
BRDA:272,27,0,0
BRDA:272,27,1,0
BRDA:273,28,0,0
BRDA:273,28,1,0
BRDA:275,29,0,0
BRDA:275,29,1,0
BRDA:276,30,0,0
BRDA:276,30,1,0
BRDA:277,31,0,0
BRDA:277,31,1,0
BRDA:278,32,0,0
BRDA:278,32,1,0
BRDA:279,33,0,0
BRDA:279,33,1,0
BRDA:280,34,0,0
BRDA:280,34,1,0
BRDA:281,35,0,0
BRDA:281,35,1,0
BRDA:284,36,0,0
BRDA:284,36,1,0
BRDA:285,37,0,0
BRDA:285,37,1,0
BRDA:288,38,0,0
BRDA:288,38,1,0
BRDA:289,39,0,0
BRDA:289,39,1,0
BRDA:292,40,0,0
BRDA:292,40,1,0
BRDA:293,41,0,0
BRDA:293,41,1,0
BRDA:294,42,0,0
BRDA:294,42,1,0
BRDA:295,43,0,0
BRDA:295,43,1,0
BRDA:298,44,0,0
BRDA:298,44,1,0
BRDA:299,45,0,0
BRDA:299,45,1,0
BRDA:300,46,0,0
BRDA:300,46,1,0
BRDA:301,47,0,0
BRDA:301,47,1,0
BRDA:304,48,0,0
BRDA:304,48,1,0
BRDA:305,49,0,0
BRDA:305,49,1,0
BRDA:306,50,0,0
BRDA:306,50,1,0
BRDA:307,51,0,0
BRDA:307,51,1,0
BRDA:310,52,0,0
BRDA:310,52,1,0
BRDA:311,53,0,0
BRDA:311,53,1,0
BRDA:312,54,0,0
BRDA:312,54,1,0
BRDA:315,55,0,0
BRDA:315,55,1,0
BRDA:316,56,0,0
BRDA:316,56,1,0
BRDA:317,57,0,0
BRDA:317,57,1,0
BRDA:318,58,0,0
BRDA:318,58,1,0
BRDA:321,59,0,0
BRDA:321,59,1,0
BRDA:322,60,0,0
BRDA:322,60,1,0
BRDA:325,61,0,0
BRDA:325,61,1,0
BRDA:341,62,0,0
BRDA:341,62,1,0
BRDA:342,63,0,0
BRDA:342,63,1,0
BRDA:343,64,0,0
BRDA:343,64,1,0
BRDA:344,65,0,0
BRDA:344,65,1,0
BRDA:345,66,0,0
BRDA:345,66,1,0
BRDA:347,67,0,0
BRDA:347,67,1,0
BRDA:349,68,0,0
BRDA:349,68,1,0
BRDA:350,69,0,0
BRDA:350,69,1,0
BRDA:351,70,0,0
BRDA:351,70,1,0
BRDA:352,71,0,0
BRDA:352,71,1,0
BRDA:353,72,0,0
BRDA:353,72,1,0
BRDA:354,73,0,0
BRDA:354,73,1,0
BRDA:355,74,0,0
BRDA:355,74,1,0
BRDA:358,75,0,0
BRDA:358,75,1,0
BRDA:358,76,0,0
BRDA:358,76,1,0
BRDA:359,77,0,0
BRDA:359,77,1,0
BRDA:359,78,0,0
BRDA:359,78,1,0
BRDA:362,79,0,0
BRDA:362,79,1,0
BRDA:363,80,0,0
BRDA:363,80,1,0
BRDA:366,81,0,0
BRDA:366,81,1,0
BRDA:367,82,0,0
BRDA:367,82,1,0
BRDA:367,83,0,0
BRDA:367,83,1,0
BRDA:368,84,0,0
BRDA:368,84,1,0
BRDA:369,85,0,0
BRDA:369,85,1,0
BRDA:372,86,0,0
BRDA:372,86,1,0
BRDA:372,87,0,0
BRDA:372,87,1,0
BRDA:373,88,0,0
BRDA:373,88,1,0
BRDA:374,89,0,0
BRDA:374,89,1,0
BRDA:375,90,0,0
BRDA:375,90,1,0
BRDA:378,91,0,0
BRDA:378,91,1,0
BRDA:378,92,0,0
BRDA:378,92,1,0
BRDA:379,93,0,0
BRDA:379,93,1,0
BRDA:380,94,0,0
BRDA:380,94,1,0
BRDA:380,95,0,0
BRDA:380,95,1,0
BRDA:381,96,0,0
BRDA:381,96,1,0
BRDA:384,97,0,0
BRDA:384,97,1,0
BRDA:385,98,0,0
BRDA:385,98,1,0
BRDA:386,99,0,0
BRDA:386,99,1,0
BRDA:389,100,0,0
BRDA:389,100,1,0
BRDA:390,101,0,0
BRDA:390,101,1,0
BRDA:391,102,0,0
BRDA:391,102,1,0
BRDA:392,103,0,0
BRDA:392,103,1,0
BRDA:395,104,0,0
BRDA:395,104,1,0
BRDA:396,105,0,0
BRDA:396,105,1,0
BRDA:399,106,0,0
BRDA:399,106,1,0
BRDA:402,107,0,0
BRDA:402,107,1,0
BRDA:407,108,0,0
BRDA:407,108,1,0
BRDA:407,109,0,0
BRDA:407,109,1,0
BRDA:409,110,0,0
BRDA:409,110,1,0
BRDA:410,111,0,0
BRDA:410,111,1,0
BRDA:411,112,0,0
BRDA:411,112,1,0
BRDA:431,113,0,0
BRDA:431,113,1,0
BRDA:449,114,0,0
BRDA:449,114,1,0
BRDA:466,115,0,0
BRDA:466,115,1,0
BRDA:476,116,0,0
BRDA:476,116,1,0
BRDA:479,117,0,0
BRDA:479,117,1,0
BRDA:492,118,0,0
BRDA:492,118,1,0
BRDA:498,119,0,0
BRDA:498,119,1,0
BRDA:504,120,0,0
BRDA:504,120,1,0
BRDA:515,121,0,0
BRDA:525,122,0,0
BRDA:525,122,1,0
BRDA:531,123,0,0
BRDA:531,123,1,0
BRDA:542,124,0,0
BRDA:550,125,0,0
BRDA:550,125,1,0
BRDA:556,126,0,0
BRDA:556,126,1,0
BRDA:567,127,0,0
BRDA:578,128,0,0
BRDA:578,128,1,0
BRDA:581,129,0,0
BRDA:581,129,1,0
BRDA:589,130,0,0
BRDA:589,130,1,0
BRDA:592,131,0,0
BRDA:592,131,1,0
BRDA:600,132,0,0
BRDA:600,132,1,0
BRDA:603,133,0,0
BRDA:603,133,1,0
BRDA:611,134,0,0
BRDA:611,134,1,0
BRDA:614,135,0,0
BRDA:614,135,1,0
BRDA:622,136,0,0
BRDA:622,136,1,0
BRDA:625,137,0,0
BRDA:625,137,1,0
BRDA:633,138,0,0
BRDA:633,138,1,0
BRDA:636,139,0,0
BRDA:636,139,1,0
BRDA:648,140,0,0
BRDA:648,140,1,0
BRDA:651,141,0,0
BRDA:651,141,1,0
BRDA:661,142,0,0
BRDA:661,142,1,0
BRDA:664,143,0,0
BRDA:664,143,1,0
BRDA:679,144,0,0
BRDA:679,144,1,0
BRDA:682,145,0,0
BRDA:682,145,1,0
BRDA:694,146,0,0
BRDA:694,146,1,0
BRDA:703,147,0,0
BRDA:703,147,1,0
BRDA:706,148,0,0
BRDA:706,148,1,0
BRDA:714,149,0,0
BRDA:714,149,1,0
BRDA:717,150,0,0
BRDA:717,150,1,0
BRDA:727,151,0,0
BRDA:727,151,1,0
BRDA:730,152,0,0
BRDA:730,152,1,0
BRDA:738,153,0,0
BRDA:738,153,1,0
BRDA:741,154,0,0
BRDA:741,154,1,0
BRDA:745,155,0,0
BRDA:753,156,0,0
BRDA:753,156,1,0
BRDA:760,157,0,0
BRDA:770,158,0,0
BRDA:770,158,1,0
BRDA:776,159,0,0
BRDA:776,159,1,0
BRDA:782,160,0,0
BRDA:782,160,1,0
BRDA:800,161,0,0
BRDA:800,161,1,0
BRDA:803,162,0,0
BRDA:803,162,1,0
BRDA:814,163,0,0
BRDA:814,163,1,0
BRDA:817,164,0,0
BRDA:817,164,1,0
BRDA:818,165,0,0
BRDA:818,165,1,0
BRDA:818,166,0,0
BRDA:818,166,1,0
BRDA:818,167,0,0
BRDA:818,167,1,0
BRF:339
BRH:0
end_of_record
TN:
SF:src\components\Transfers\TransferForm.tsx
FN:32,(anonymous_0)
FN:37,(anonymous_1)
FN:59,(anonymous_2)
FN:74,(anonymous_3)
FN:78,(anonymous_4)
FN:82,(anonymous_5)
FN:119,(anonymous_6)
FN:183,(anonymous_7)
FN:191,(anonymous_8)
FN:197,(anonymous_9)
FN:203,(anonymous_10)
FN:210,(anonymous_11)
FN:262,(anonymous_12)
FN:329,(anonymous_13)
FN:371,(anonymous_15)
FN:388,(anonymous_17)
FN:413,(anonymous_19)
FN:438,(anonymous_21)
FN:464,(anonymous_23)
FN:489,(anonymous_25)
FN:511,(anonymous_26)
FN:524,(anonymous_27)
FN:541,(anonymous_28)
FN:553,(anonymous_29)
FN:566,(anonymous_30)
FN:579,(anonymous_31)
FN:592,(anonymous_32)
FN:606,(anonymous_33)
FN:621,(anonymous_34)
FN:640,(anonymous_35)
FN:654,(anonymous_36)
FN:673,(anonymous_37)
FN:687,(anonymous_38)
FN:704,(anonymous_39)
FN:716,(anonymous_40)
FN:781,(anonymous_43)
FN:793,(anonymous_44)
FN:805,(anonymous_45)
FN:817,(anonymous_46)
FN:831,(anonymous_47)
FN:861,(anonymous_49)
FN:895,(anonymous_51)
FNF:42
FNH:0
FNDA:0,(anonymous_0)
FNDA:0,(anonymous_1)
FNDA:0,(anonymous_2)
FNDA:0,(anonymous_3)
FNDA:0,(anonymous_4)
FNDA:0,(anonymous_5)
FNDA:0,(anonymous_6)
FNDA:0,(anonymous_7)
FNDA:0,(anonymous_8)
FNDA:0,(anonymous_9)
FNDA:0,(anonymous_10)
FNDA:0,(anonymous_11)
FNDA:0,(anonymous_12)
FNDA:0,(anonymous_13)
FNDA:0,(anonymous_15)
FNDA:0,(anonymous_17)
FNDA:0,(anonymous_19)
FNDA:0,(anonymous_21)
FNDA:0,(anonymous_23)
FNDA:0,(anonymous_25)
FNDA:0,(anonymous_26)
FNDA:0,(anonymous_27)
FNDA:0,(anonymous_28)
FNDA:0,(anonymous_29)
FNDA:0,(anonymous_30)
FNDA:0,(anonymous_31)
FNDA:0,(anonymous_32)
FNDA:0,(anonymous_33)
FNDA:0,(anonymous_34)
FNDA:0,(anonymous_35)
FNDA:0,(anonymous_36)
FNDA:0,(anonymous_37)
FNDA:0,(anonymous_38)
FNDA:0,(anonymous_39)
FNDA:0,(anonymous_40)
FNDA:0,(anonymous_43)
FNDA:0,(anonymous_44)
FNDA:0,(anonymous_45)
FNDA:0,(anonymous_46)
FNDA:0,(anonymous_47)
FNDA:0,(anonymous_49)
FNDA:0,(anonymous_51)
DA:31,0
DA:32,0
DA:36,0
DA:37,0
DA:42,0
DA:59,0
DA:74,0
DA:78,0
DA:82,0
DA:119,0
DA:127,0
DA:181,0
DA:183,0
DA:189,0
DA:191,0
DA:195,0
DA:197,0
DA:201,0
DA:203,0
DA:207,0
DA:210,0
DA:211,0
DA:212,0
DA:213,0
DA:214,0
DA:215,0
DA:216,0
DA:217,0
DA:218,0
DA:219,0
DA:220,0
DA:221,0
DA:222,0
DA:223,0
DA:224,0
DA:225,0
DA:226,0
DA:229,0
DA:230,0
DA:233,0
DA:234,0
DA:235,0
DA:238,0
DA:239,0
DA:242,0
DA:243,0
DA:246,0
DA:247,0
DA:250,0
DA:251,0
DA:254,0
DA:255,0
DA:256,0
DA:258,0
DA:262,0
DA:263,0
DA:264,0
DA:314,0
DA:315,0
DA:316,0
DA:317,0
DA:318,0
DA:321,0
DA:322,0
DA:323,0
DA:325,0
DA:329,0
DA:330,0
DA:331,0
DA:371,0
DA:389,0
DA:414,0
DA:439,0
DA:465,0
DA:490,0
DA:511,0
DA:524,0
DA:541,0
DA:553,0
DA:566,0
DA:579,0
DA:592,0
DA:606,0
DA:621,0
DA:640,0
DA:654,0
DA:673,0
DA:687,0
DA:704,0
DA:716,0
DA:781,0
DA:793,0
DA:805,0
DA:817,0
DA:831,0
DA:861,0
DA:895,0
LF:97
LH:0
BRDA:32,0,0,0
BRDA:32,0,1,0
BRDA:32,1,0,0
BRDA:32,1,1,0
BRDA:32,1,2,0
BRDA:37,2,0,0
BRDA:37,2,1,0
BRDA:37,3,0,0
BRDA:37,3,1,0
BRDA:59,4,0,0
BRDA:59,4,1,0
BRDA:59,5,0,0
BRDA:59,5,1,0
BRDA:59,5,2,0
BRDA:74,6,0,0
BRDA:74,6,1,0
BRDA:74,7,0,0
BRDA:74,7,1,0
BRDA:74,7,2,0
BRDA:78,8,0,0
BRDA:78,8,1,0
BRDA:78,9,0,0
BRDA:78,9,1,0
BRDA:78,9,2,0
BRDA:82,10,0,0
BRDA:82,10,1,0
BRDA:82,11,0,0
BRDA:82,11,1,0
BRDA:82,11,2,0
BRDA:119,12,0,0
BRDA:211,13,0,0
BRDA:211,13,1,0
BRDA:217,14,0,0
BRDA:217,14,1,0
BRDA:218,15,0,0
BRDA:218,15,1,0
BRDA:219,16,0,0
BRDA:219,16,1,0
BRDA:220,17,0,0
BRDA:220,17,1,0
BRDA:221,18,0,0
BRDA:221,18,1,0
BRDA:222,19,0,0
BRDA:222,19,1,0
BRDA:223,20,0,0
BRDA:223,20,1,0
BRDA:224,21,0,0
BRDA:224,21,1,0
BRDA:225,22,0,0
BRDA:225,22,1,0
BRDA:226,23,0,0
BRDA:226,23,1,0
BRDA:229,24,0,0
BRDA:229,24,1,0
BRDA:230,25,0,0
BRDA:230,25,1,0
BRDA:233,26,0,0
BRDA:233,26,1,0
BRDA:234,27,0,0
BRDA:234,27,1,0
BRDA:235,28,0,0
BRDA:235,28,1,0
BRDA:238,29,0,0
BRDA:238,29,1,0
BRDA:239,30,0,0
BRDA:239,30,1,0
BRDA:242,31,0,0
BRDA:242,31,1,0
BRDA:243,32,0,0
BRDA:243,32,1,0
BRDA:246,33,0,0
BRDA:246,33,1,0
BRDA:247,34,0,0
BRDA:247,34,1,0
BRDA:250,35,0,0
BRDA:250,35,1,0
BRDA:251,36,0,0
BRDA:251,36,1,0
BRDA:254,37,0,0
BRDA:254,37,1,0
BRDA:255,38,0,0
BRDA:255,38,1,0
BRDA:256,39,0,0
BRDA:256,39,1,0
BRDA:270,40,0,0
BRDA:270,40,1,0
BRDA:270,41,0,0
BRDA:270,41,1,0
BRDA:271,42,0,0
BRDA:271,42,1,0
BRDA:271,43,0,0
BRDA:271,43,1,0
BRDA:272,44,0,0
BRDA:272,44,1,0
BRDA:272,45,0,0
BRDA:272,45,1,0
BRDA:273,46,0,0
BRDA:273,46,1,0
BRDA:274,47,0,0
BRDA:274,47,1,0
BRDA:275,48,0,0
BRDA:275,48,1,0
BRDA:276,49,0,0
BRDA:276,49,1,0
BRDA:276,50,0,0
BRDA:276,50,1,0
BRDA:277,51,0,0
BRDA:277,51,1,0
BRDA:277,52,0,0
BRDA:277,52,1,0
BRDA:278,53,0,0
BRDA:278,53,1,0
BRDA:278,54,0,0
BRDA:278,54,1,0
BRDA:279,55,0,0
BRDA:279,55,1,0
BRDA:279,56,0,0
BRDA:279,56,1,0
BRDA:282,57,0,0
BRDA:282,57,1,0
BRDA:283,58,0,0
BRDA:283,58,1,0
BRDA:286,59,0,0
BRDA:286,59,1,0
BRDA:286,60,0,0
BRDA:286,60,1,0
BRDA:287,61,0,0
BRDA:287,61,1,0
BRDA:287,62,0,0
BRDA:287,62,1,0
BRDA:288,63,0,0
BRDA:288,63,1,0
BRDA:288,64,0,0
BRDA:288,64,1,0
BRDA:291,65,0,0
BRDA:291,65,1,0
BRDA:292,66,0,0
BRDA:292,66,1,0
BRDA:295,67,0,0
BRDA:295,67,1,0
BRDA:296,68,0,0
BRDA:296,68,1,0
BRDA:299,69,0,0
BRDA:299,69,1,0
BRDA:300,70,0,0
BRDA:300,70,1,0
BRDA:303,71,0,0
BRDA:303,71,1,0
BRDA:304,72,0,0
BRDA:304,72,1,0
BRDA:305,73,0,0
BRDA:305,73,1,0
BRDA:307,74,0,0
BRDA:307,74,1,0
BRDA:308,75,0,0
BRDA:308,75,1,0
BRDA:309,76,0,0
BRDA:309,76,1,0
BRDA:310,77,0,0
BRDA:310,77,1,0
BRDA:314,78,0,0
BRDA:314,78,1,0
BRDA:314,79,0,0
BRDA:314,79,1,0
BRDA:316,80,0,0
BRDA:316,80,1,0
BRDA:317,81,0,0
BRDA:317,81,1,0
BRDA:318,82,0,0
BRDA:318,82,1,0
BRDA:338,83,0,0
BRDA:338,83,1,0
BRDA:356,84,0,0
BRDA:356,84,1,0
BRDA:370,85,0,0
BRDA:370,85,1,0
BRDA:371,86,0,0
BRDA:371,86,1,0
BRDA:374,87,0,0
BRDA:374,87,1,0
BRDA:380,88,0,0
BRDA:380,88,1,0
BRDA:386,89,0,0
BRDA:386,89,1,0
BRDA:397,90,0,0
BRDA:405,91,0,0
BRDA:405,91,1,0
BRDA:411,92,0,0
BRDA:411,92,1,0
BRDA:415,93,0,0
BRDA:415,93,1,0
BRDA:422,94,0,0
BRDA:430,95,0,0
BRDA:430,95,1,0
BRDA:436,96,0,0
BRDA:436,96,1,0
BRDA:441,97,0,0
BRDA:441,97,1,0
BRDA:448,98,0,0
BRDA:456,99,0,0
BRDA:456,99,1,0
BRDA:462,100,0,0
BRDA:462,100,1,0
BRDA:473,101,0,0
BRDA:481,102,0,0
BRDA:481,102,1,0
BRDA:487,103,0,0
BRDA:487,103,1,0
BRDA:498,104,0,0
BRDA:510,105,0,0
BRDA:510,105,1,0
BRDA:514,106,0,0
BRDA:514,106,1,0
BRDA:523,107,0,0
BRDA:523,107,1,0
BRDA:527,108,0,0
BRDA:527,108,1,0
BRDA:540,109,0,0
BRDA:540,109,1,0
BRDA:544,110,0,0
BRDA:544,110,1,0
BRDA:552,111,0,0
BRDA:552,111,1,0
BRDA:556,112,0,0
BRDA:556,112,1,0
BRDA:565,113,0,0
BRDA:565,113,1,0
BRDA:566,114,0,0
BRDA:566,114,1,0
BRDA:566,115,0,0
BRDA:566,115,1,0
BRDA:569,116,0,0
BRDA:569,116,1,0
BRDA:578,117,0,0
BRDA:578,117,1,0
BRDA:582,118,0,0
BRDA:582,118,1,0
BRDA:591,119,0,0
BRDA:591,119,1,0
BRDA:592,120,0,0
BRDA:592,120,1,0
BRDA:592,121,0,0
BRDA:592,121,1,0
BRDA:595,122,0,0
BRDA:595,122,1,0
BRDA:605,123,0,0
BRDA:605,123,1,0
BRDA:606,124,0,0
BRDA:606,124,1,0
BRDA:606,125,0,0
BRDA:606,125,1,0
BRDA:609,126,0,0
BRDA:609,126,1,0
BRDA:620,127,0,0
BRDA:620,127,1,0
BRDA:624,128,0,0
BRDA:624,128,1,0
BRDA:639,129,0,0
BRDA:639,129,1,0
BRDA:643,130,0,0
BRDA:643,130,1,0
BRDA:653,131,0,0
BRDA:653,131,1,0
BRDA:657,132,0,0
BRDA:657,132,1,0
BRDA:672,133,0,0
BRDA:672,133,1,0
BRDA:676,134,0,0
BRDA:676,134,1,0
BRDA:686,135,0,0
BRDA:686,135,1,0
BRDA:690,136,0,0
BRDA:690,136,1,0
BRDA:703,137,0,0
BRDA:703,137,1,0
BRDA:707,138,0,0
BRDA:707,138,1,0
BRDA:715,139,0,0
BRDA:715,139,1,0
BRDA:719,140,0,0
BRDA:719,140,1,0
BRDA:724,141,0,0
BRDA:724,141,1,0
BRDA:730,142,0,0
BRDA:730,142,1,0
BRDA:739,143,0,0
BRDA:748,144,0,0
BRDA:748,144,1,0
BRDA:754,145,0,0
BRDA:754,145,1,0
BRDA:765,146,0,0
BRDA:780,147,0,0
BRDA:780,147,1,0
BRDA:784,148,0,0
BRDA:784,148,1,0
BRDA:792,149,0,0
BRDA:792,149,1,0
BRDA:796,150,0,0
BRDA:796,150,1,0
BRDA:804,151,0,0
BRDA:804,151,1,0
BRDA:808,152,0,0
BRDA:808,152,1,0
BRDA:816,153,0,0
BRDA:816,153,1,0
BRDA:820,154,0,0
BRDA:820,154,1,0
BRDA:830,155,0,0
BRDA:830,155,1,0
BRDA:834,156,0,0
BRDA:834,156,1,0
BRDA:838,157,0,0
BRDA:846,158,0,0
BRDA:846,158,1,0
BRDA:853,159,0,0
BRDA:860,160,0,0
BRDA:860,160,1,0
BRDA:861,161,0,0
BRDA:861,161,1,0
BRDA:861,162,0,0
BRDA:861,162,1,0
BRDA:864,163,0,0
BRDA:864,163,1,0
BRDA:870,164,0,0
BRDA:870,164,1,0
BRDA:876,165,0,0
BRDA:876,165,1,0
BRDA:894,166,0,0
BRDA:894,166,1,0
BRDA:898,167,0,0
BRDA:898,167,1,0
BRDA:909,168,0,0
BRDA:909,168,1,0
BRDA:912,169,0,0
BRDA:912,169,1,0
BRDA:913,170,0,0
BRDA:913,170,1,0
BRDA:913,171,0,0
BRDA:913,171,1,0
BRDA:913,172,0,0
BRDA:913,172,1,0
BRF:341
BRH:0
end_of_record
TN:
SF:src\components\Vehicles\VehicleForm.tsx
FN:32,(anonymous_0)
FN:48,(anonymous_1)
FN:58,(anonymous_2)
FNF:3
FNH:0
FNDA:0,(anonymous_0)
FNDA:0,(anonymous_1)
FNDA:0,(anonymous_2)
DA:16,0
DA:32,0
DA:39,0
DA:48,0
DA:49,0
DA:50,0
DA:51,0
DA:52,0
DA:54,0
DA:58,0
DA:59,0
DA:60,0
DA:62,0
LF:13
LH:0
BRDA:32,0,0,0
BRDA:49,1,0,0
BRDA:49,1,1,0
BRDA:69,2,0,0
BRDA:69,2,1,0
BRDA:97,3,0,0
BRDA:97,3,1,0
BRDA:100,4,0,0
BRDA:100,4,1,0
BRDA:101,5,0,0
BRDA:101,5,1,0
BRDA:101,6,0,0
BRDA:101,6,1,0
BRDA:101,7,0,0
BRDA:101,7,1,0
BRF:15
BRH:0
end_of_record
TN:
SF:src\config\env.ts
FN:29,(anonymous_0)
FN:44,(anonymous_1)
FN:58,(anonymous_2)
FN:67,(anonymous_3)
FN:96,(anonymous_4)
FN:101,(anonymous_5)
FNF:6
FNH:0
FNDA:0,(anonymous_0)
FNDA:0,(anonymous_1)
FNDA:0,(anonymous_2)
FNDA:0,(anonymous_3)
FNDA:0,(anonymous_4)
FNDA:0,(anonymous_5)
DA:29,0
DA:30,0
DA:31,0
DA:32,0
DA:33,0
DA:34,0
DA:36,0
DA:38,0
DA:44,0
DA:45,0
DA:46,0
DA:47,0
DA:48,0
DA:49,0
DA:52,0
DA:58,0
DA:59,0
DA:60,0
DA:61,0
DA:67,0
DA:68,0
DA:69,0
DA:70,0
DA:71,0
DA:77,0
DA:96,0
DA:97,0
DA:98,0
DA:99,0
DA:101,0
DA:102,0
DA:103,0
DA:107,0
DA:108,0
DA:109,0
DA:110,0
DA:112,0
DA:113,0
DA:118,0
DA:119,0
DA:124,0
LF:41
LH:0
BRDA:31,0,0,0
BRDA:31,0,1,0
BRDA:32,1,0,0
BRDA:32,1,1,0
BRDA:33,2,0,0
BRDA:33,2,1,0
BRDA:38,3,0,0
BRDA:38,3,1,0
BRDA:44,4,0,0
BRDA:46,5,0,0
BRDA:46,5,1,0
BRDA:47,6,0,0
BRDA:47,6,1,0
BRDA:48,7,0,0
BRDA:48,7,1,0
BRDA:48,8,0,0
BRDA:48,8,1,0
BRDA:52,9,0,0
BRDA:52,9,1,0
BRDA:58,10,0,0
BRDA:60,11,0,0
BRDA:60,11,1,0
BRDA:61,12,0,0
BRDA:61,12,1,0
BRDA:67,13,0,0
BRDA:69,14,0,0
BRDA:69,14,1,0
BRDA:71,15,0,0
BRDA:71,15,1,0
BRDA:78,16,0,0
BRDA:78,16,1,0
BRDA:89,17,0,0
BRDA:89,17,1,0
BRDA:99,18,0,0
BRDA:99,18,1,0
BRDA:102,19,0,0
BRDA:102,19,1,0
BRDA:107,20,0,0
BRDA:107,20,1,0
BRDA:109,21,0,0
BRDA:109,21,1,0
BRDA:118,22,0,0
BRDA:118,22,1,0
BRDA:118,23,0,0
BRDA:118,23,1,0
BRF:45
BRH:0
end_of_record
TN:
SF:src\config\queryClient.ts
FN:6,(anonymous_0)
FN:25,(anonymous_1)
FN:33,(anonymous_2)
FN:36,(anonymous_3)
FN:44,(anonymous_4)
FN:70,(anonymous_5)
FNF:6
FNH:0
FNDA:0,(anonymous_0)
FNDA:0,(anonymous_1)
FNDA:0,(anonymous_2)
FNDA:0,(anonymous_3)
FNDA:0,(anonymous_4)
FNDA:0,(anonymous_5)
DA:6,0
DA:8,0
DA:9,0
DA:10,0
DA:13,0
DA:14,0
DA:19,0
DA:25,0
DA:27,0
DA:33,0
DA:34,0
DA:38,0
DA:39,0
DA:46,0
DA:47,0
DA:72,0
DA:73,0
DA:74,0
DA:77,0
DA:78,0
DA:83,0
DA:92,0
LF:22
LH:0
BRDA:8,0,0,0
BRDA:8,0,1,0
BRDA:8,1,0,0
BRDA:8,1,1,0
BRDA:8,1,2,0
BRDA:13,2,0,0
BRDA:13,2,1,0
BRDA:13,3,0,0
BRDA:13,3,1,0
BRDA:13,3,2,0
BRDA:38,4,0,0
BRDA:38,4,1,0
BRDA:46,5,0,0
BRDA:46,5,1,0
BRDA:72,6,0,0
BRDA:72,6,1,0
BRDA:72,7,0,0
BRDA:72,7,1,0
BRDA:72,7,2,0
BRDA:77,8,0,0
BRDA:77,8,1,0
BRDA:77,9,0,0
BRDA:77,9,1,0
BRDA:77,9,2,0
BRF:24
BRH:0
end_of_record
TN:
SF:src\hooks\useBulkEdit.ts
FN:15,(anonymous_0)
FN:22,(anonymous_1)
FN:23,(anonymous_2)
FN:28,(anonymous_3)
FN:33,(anonymous_4)
FN:34,(anonymous_5)
FN:37,(anonymous_6)
FN:38,(anonymous_7)
FN:38,(anonymous_8)
FN:41,(anonymous_9)
FN:42,(anonymous_10)
FN:43,(anonymous_11)
FN:47,(anonymous_12)
FN:51,(anonymous_13)
FN:56,(anonymous_14)
FN:63,(anonymous_15)
FNF:16
FNH:0
FNDA:0,(anonymous_0)
FNDA:0,(anonymous_1)
FNDA:0,(anonymous_2)
FNDA:0,(anonymous_3)
FNDA:0,(anonymous_4)
FNDA:0,(anonymous_5)
FNDA:0,(anonymous_6)
FNDA:0,(anonymous_7)
FNDA:0,(anonymous_8)
FNDA:0,(anonymous_9)
FNDA:0,(anonymous_10)
FNDA:0,(anonymous_11)
FNDA:0,(anonymous_12)
FNDA:0,(anonymous_13)
FNDA:0,(anonymous_14)
FNDA:0,(anonymous_15)
DA:15,0
DA:16,0
DA:17,0
DA:18,0
DA:19,0
DA:21,0
DA:22,0
DA:24,0
DA:25,0
DA:26,0
DA:29,0
DA:33,0
DA:34,0
DA:37,0
DA:38,0
DA:41,0
DA:42,0
DA:43,0
DA:47,0
DA:48,0
DA:51,0
DA:52,0
DA:55,0
DA:57,0
DA:62,0
DA:64,0
DA:65,0
DA:66,0
DA:68,0
DA:73,0
LF:30
LH:0
BRDA:25,0,0,0
BRDA:25,0,1,0
BRDA:29,1,0,0
BRDA:29,1,1,0
BRDA:29,1,2,0
BRDA:34,2,0,0
BRDA:34,2,1,0
BRDA:43,3,0,0
BRDA:43,3,1,0
BRDA:64,4,0,0
BRDA:64,4,1,0
BRF:11
BRH:0
end_of_record
TN:
SF:src\hooks\useConfirmation.ts
FN:21,(anonymous_0)
FN:25,(anonymous_1)
FN:26,(anonymous_2)
FN:30,(anonymous_3)
FN:34,(anonymous_4)
FNF:5
FNH:0
FNDA:0,(anonymous_0)
FNDA:0,(anonymous_1)
FNDA:0,(anonymous_2)
FNDA:0,(anonymous_3)
FNDA:0,(anonymous_4)
DA:21,0
DA:22,0
DA:24,0
DA:26,0
DA:27,0
DA:31,0
DA:32,0
DA:35,0
DA:36,0
DA:44,0
LF:10
LH:0
BRF:0
BRH:0
end_of_record
TN:
SF:src\hooks\useDashboard.ts
FN:14,(anonymous_0)
FN:17,(anonymous_1)
FN:22,(anonymous_2)
FN:25,(anonymous_3)
FN:30,(anonymous_4)
FN:33,(anonymous_5)
FN:38,(anonymous_6)
FN:44,(anonymous_7)
FN:49,(anonymous_8)
FN:55,(anonymous_9)
FN:60,(anonymous_10)
FN:63,(anonymous_11)
FN:68,(anonymous_12)
FN:71,(anonymous_13)
FN:76,(anonymous_14)
FN:79,(anonymous_15)
FNF:16
FNH:0
FNDA:0,(anonymous_0)
FNDA:0,(anonymous_1)
FNDA:0,(anonymous_2)
FNDA:0,(anonymous_3)
FNDA:0,(anonymous_4)
FNDA:0,(anonymous_5)
FNDA:0,(anonymous_6)
FNDA:0,(anonymous_7)
FNDA:0,(anonymous_8)
FNDA:0,(anonymous_9)
FNDA:0,(anonymous_10)
FNDA:0,(anonymous_11)
FNDA:0,(anonymous_12)
FNDA:0,(anonymous_13)
FNDA:0,(anonymous_14)
FNDA:0,(anonymous_15)
DA:14,0
DA:15,0
DA:17,0
DA:22,0
DA:23,0
DA:25,0
DA:30,0
DA:31,0
DA:33,0
DA:38,0
DA:42,0
DA:44,0
DA:49,0
DA:53,0
DA:55,0
DA:60,0
DA:61,0
DA:63,0
DA:68,0
DA:69,0
DA:71,0
DA:76,0
DA:77,0
DA:79,0
LF:24
LH:0
BRDA:30,0,0,0
BRDA:39,1,0,0
BRF:2
BRH:0
end_of_record
TN:
SF:src\hooks\useExport.ts
FN:8,(anonymous_0)
FN:12,(anonymous_1)
FN:34,(anonymous_2)
FNF:3
FNH:0
FNDA:0,(anonymous_0)
FNDA:0,(anonymous_1)
FNDA:0,(anonymous_2)
DA:8,0
DA:9,0
DA:11,0
DA:17,0
DA:18,0
DA:19,0
DA:20,0
DA:23,0
DA:24,0
DA:26,0
DA:27,0
DA:33,0
DA:39,0
DA:40,0
DA:41,0
DA:42,0
DA:45,0
DA:46,0
DA:48,0
DA:49,0
DA:55,0
LF:21
LH:0
BRDA:15,0,0,0
BRDA:18,1,0,0
BRDA:18,1,1,0
BRDA:18,2,0,0
BRDA:18,2,1,0
BRDA:37,3,0,0
BRDA:40,4,0,0
BRDA:40,4,1,0
BRDA:40,5,0,0
BRDA:40,5,1,0
BRF:10
BRH:0
end_of_record
TN:
SF:src\hooks\useFormErrorHandler.ts
FN:10,(anonymous_0)
FN:16,(anonymous_1)
FNF:2
FNH:0
FNDA:0,(anonymous_0)
FNDA:0,(anonymous_1)
DA:10,0
DA:13,0
DA:15,0
DA:17,0
DA:20,0
DA:21,0
DA:25,0
DA:26,0
DA:27,0
DA:33,0
LF:10
LH:0
BRDA:16,0,0,0
BRDA:20,1,0,0
BRDA:20,1,1,0
BRDA:25,2,0,0
BRDA:25,2,1,0
BRF:5
BRH:0
end_of_record
TN:
SF:src\hooks\useGlobalSearch.ts
FN:6,(anonymous_0)
FN:9,(anonymous_1)
FN:13,(anonymous_2)
FN:17,(anonymous_3)
FN:18,(anonymous_4)
FNF:5
FNH:0
FNDA:0,(anonymous_0)
FNDA:0,(anonymous_1)
FNDA:0,(anonymous_2)
FNDA:0,(anonymous_3)
FNDA:0,(anonymous_4)
DA:6,0
DA:7,0
DA:9,0
DA:10,0
DA:13,0
DA:14,0
DA:17,0
DA:18,0
DA:21,0
LF:9
LH:0
BRF:0
BRH:0
end_of_record
TN:
SF:src\hooks\useImport.ts
FN:14,(anonymous_0)
FN:20,(anonymous_1)
FN:27,(anonymous_2)
FN:33,(anonymous_3)
FN:42,(anonymous_4)
FN:57,(anonymous_5)
FN:64,(anonymous_6)
FN:73,(anonymous_7)
FN:76,(anonymous_8)
FN:83,(anonymous_9)
FN:92,(anonymous_10)
FN:101,(anonymous_11)
FN:109,(anonymous_12)
FN:115,(anonymous_13)
FNF:14
FNH:0
FNDA:0,(anonymous_0)
FNDA:0,(anonymous_1)
FNDA:0,(anonymous_2)
FNDA:0,(anonymous_3)
FNDA:0,(anonymous_4)
FNDA:0,(anonymous_5)
FNDA:0,(anonymous_6)
FNDA:0,(anonymous_7)
FNDA:0,(anonymous_8)
FNDA:0,(anonymous_9)
FNDA:0,(anonymous_10)
FNDA:0,(anonymous_11)
FNDA:0,(anonymous_12)
FNDA:0,(anonymous_13)
DA:14,0
DA:15,0
DA:16,0
DA:17,0
DA:19,0
DA:21,0
DA:22,0
DA:24,0
DA:28,0
DA:29,0
DA:34,0
DA:35,0
DA:41,0
DA:51,0
DA:52,0
DA:54,0
DA:58,0
DA:61,0
DA:62,0
DA:65,0
DA:66,0
DA:72,0
DA:74,0
DA:77,0
DA:80,0
DA:81,0
DA:84,0
DA:85,0
DA:91,0
DA:93,0
DA:94,0
DA:95,0
DA:100,0
DA:102,0
DA:103,0
DA:108,0
DA:110,0
DA:115,0
DA:116,0
DA:117,0
[...]
DA:324,0
DA:328,0
DA:329,0
DA:333,0
DA:334,0
DA:338,0
DA:339,0
DA:343,0
DA:347,0
DA:348,0
DA:352,0
DA:353,0
DA:357,0
DA:362,0
DA:366,0
DA:371,0
DA:375,0
LF:47
LH:0
BRDA:269,0,0,0
BRDA:270,1,0,0
BRDA:275,2,0,0
BRDA:275,2,1,0
BRDA:276,3,0,0
BRDA:276,3,1,0
BRDA:277,4,0,0
BRDA:277,4,1,0
BRDA:278,5,0,0
BRDA:278,5,1,0
BRDA:279,6,0,0
BRDA:279,6,1,0
BRDA:280,7,0,0
BRDA:280,7,1,0
BRDA:281,8,0,0
BRDA:281,8,1,0
BRDA:282,9,0,0
BRDA:282,9,1,0
BRDA:283,10,0,0
BRDA:283,10,1,0
BRDA:296,11,0,0
BRDA:297,12,0,0
BRDA:302,13,0,0
BRDA:302,13,1,0
BRDA:303,14,0,0
BRDA:303,14,1,0
BRDA:304,15,0,0
BRDA:304,15,1,0
BRDA:305,16,0,0
BRDA:305,16,1,0
BRDA:306,17,0,0
BRDA:306,17,1,0
BRDA:307,18,0,0
BRDA:307,18,1,0
BRDA:308,19,0,0
BRDA:308,19,1,0
BRDA:309,20,0,0
BRDA:309,20,1,0
BRDA:310,21,0,0
BRDA:310,21,1,0
BRF:40
BRH:0
end_of_record
TN:
SF:src\services\transferService.ts
FN:170,(anonymous_0)
FN:194,(anonymous_1)
FN:199,(anonymous_2)
FN:204,(anonymous_3)
FN:209,(anonymous_4)
FN:213,(anonymous_5)
FN:219,(anonymous_6)
FN:223,(anonymous_7)
FN:227,(anonymous_8)
FN:231,(anonymous_9)
FN:235,(anonymous_10)
FN:240,(anonymous_11)
FN:245,(anonymous_12)
FNF:13
FNH:0
FNDA:0,(anonymous_0)
FNDA:0,(anonymous_1)
FNDA:0,(anonymous_2)
FNDA:0,(anonymous_3)
FNDA:0,(anonymous_4)
FNDA:0,(anonymous_5)
FNDA:0,(anonymous_6)
FNDA:0,(anonymous_7)
FNDA:0,(anonymous_8)
FNDA:0,(anonymous_9)
FNDA:0,(anonymous_10)
FNDA:0,(anonymous_11)
FNDA:0,(anonymous_12)
DA:169,0
DA:175,0
DA:177,0
DA:178,0
DA:179,0
DA:180,0
DA:181,0
DA:182,0
DA:183,0
DA:184,0
DA:185,0
DA:186,0
DA:187,0
DA:190,0
DA:191,0
DA:195,0
DA:196,0
DA:200,0
DA:201,0
DA:205,0
DA:206,0
DA:210,0
DA:214,0
DA:215,0
DA:220,0
DA:224,0
DA:228,0
DA:232,0
DA:236,0
DA:241,0
DA:242,0
DA:246,0
DA:247,0
LF:33
LH:0
BRDA:171,0,0,0
BRDA:172,1,0,0
BRDA:177,2,0,0
BRDA:177,2,1,0
BRDA:178,3,0,0
BRDA:178,3,1,0
BRDA:179,4,0,0
BRDA:179,4,1,0
BRDA:180,5,0,0
BRDA:180,5,1,0
BRDA:181,6,0,0
BRDA:181,6,1,0
BRDA:182,7,0,0
BRDA:182,7,1,0
BRDA:183,8,0,0
BRDA:183,8,1,0
BRDA:184,9,0,0
BRDA:184,9,1,0
BRDA:185,10,0,0
BRDA:185,10,1,0
BRDA:186,11,0,0
BRDA:186,11,1,0
BRDA:187,12,0,0
BRDA:187,12,1,0
BRF:24
BRH:0
end_of_record
TN:
SF:src\services\vehicleService.ts
FN:39,(anonymous_0)
FN:57,(anonymous_1)
FN:62,(anonymous_2)
FN:67,(anonymous_3)
FN:72,(anonymous_4)
FNF:5
FNH:0
FNDA:0,(anonymous_0)
FNDA:0,(anonymous_1)
FNDA:0,(anonymous_2)
FNDA:0,(anonymous_3)
FNDA:0,(anonymous_4)
DA:38,0
DA:44,0
DA:46,0
DA:47,0
DA:48,0
DA:49,0
DA:50,0
DA:53,0
DA:54,0
DA:58,0
DA:59,0
DA:63,0
DA:64,0
DA:68,0
DA:69,0
DA:73,0
LF:16
LH:0
BRDA:40,0,0,0
BRDA:41,1,0,0
BRDA:46,2,0,0
BRDA:46,2,1,0
BRDA:47,3,0,0
BRDA:47,3,1,0
BRDA:48,4,0,0
BRDA:48,4,1,0
BRDA:49,5,0,0
BRDA:49,5,1,0
BRDA:50,6,0,0
BRDA:50,6,1,0
BRF:12
BRH:0
end_of_record
TN:
SF:src\stores\authStore.ts
FN:25,(anonymous_0)
FN:29,(anonymous_1)
FN:36,(anonymous_2)
FN:43,(anonymous_3)
FN:46,(anonymous_4)
FN:55,(anonymous_5)
FNF:6
FNH:0
FNDA:0,(anonymous_0)
FNDA:0,(anonymous_1)
FNDA:0,(anonymous_2)
FNDA:0,(anonymous_3)
FNDA:0,(anonymous_4)
FNDA:0,(anonymous_5)
DA:23,0
DA:25,0
DA:30,0
DA:37,0
DA:44,0
DA:47,0
DA:55,0
LF:7
LH:0
BRF:0
BRH:0
end_of_record
TN:
SF:src\stores\notificationStore.ts
FN:19,(anonymous_0)
FN:21,(anonymous_1)
FN:23,(anonymous_2)
FN:27,(anonymous_3)
FN:28,(anonymous_4)
FN:29,(anonymous_5)
FN:32,(anonymous_6)
FNF:7
FNH:0
FNDA:0,(anonymous_0)
FNDA:0,(anonymous_1)
FNDA:0,(anonymous_2)
FNDA:0,(anonymous_3)
FNDA:0,(anonymous_4)
FNDA:0,(anonymous_5)
FNDA:0,(anonymous_6)
DA:19,0
DA:22,0
DA:23,0
DA:28,0
DA:29,0
DA:33,0
LF:6
LH:0
BRDA:21,0,0,0
BRDA:21,1,0,0
BRF:2
BRH:0
end_of_record
TN:
SF:src\stores\userPreferencesStore.ts
FN:52,(anonymous_0)
FN:54,(anonymous_1)
FN:55,(anonymous_2)
FN:56,(anonymous_3)
FN:57,(anonymous_4)
FN:60,(anonymous_5)
FN:61,(anonymous_6)
FN:64,(anonymous_7)
FN:65,(anonymous_8)
FN:68,(anonymous_9)
FNF:10
FNH:0
FNDA:0,(anonymous_0)
FNDA:0,(anonymous_1)
FNDA:0,(anonymous_2)
FNDA:0,(anonymous_3)
FNDA:0,(anonymous_4)
FNDA:0,(anonymous_5)
FNDA:0,(anonymous_6)
FNDA:0,(anonymous_7)
FNDA:0,(anonymous_8)
FNDA:0,(anonymous_9)
DA:32,0
DA:50,0
DA:52,0
DA:54,0
DA:55,0
DA:57,0
DA:61,0
DA:65,0
DA:68,0
LF:9
LH:0
BRF:0
BRH:0
end_of_record
TN:
SF:src\theme\theme.ts
FNF:0
FNH:0
DA:3,0
LF:1
LH:0
BRF:0
BRH:0
end_of_record
TN:
SF:src\theme\useTheme.tsx
FN:51,(anonymous_0)
FN:54,(anonymous_1)
FN:57,(anonymous_2)
FN:62,(anonymous_3)
FN:71,(anonymous_4)
FNF:5
FNH:0
FNDA:0,(anonymous_0)
FNDA:0,(anonymous_1)
FNDA:0,(anonymous_2)
FNDA:0,(anonymous_3)
FNDA:0,(anonymous_4)
DA:6,0
DA:25,0
DA:49,0
DA:54,0
DA:55,0
DA:57,0
DA:58,0
DA:59,0
DA:62,0
DA:71,0
LF:10
LH:0
BRDA:58,0,0,0
BRDA:58,0,1,0
BRDA:62,1,0,0
BRDA:62,1,1,0
BRF:4
BRH:0
end_of_record
TN:
SF:src\types\enums.ts
FN:1,(anonymous_0)
FN:17,(anonymous_1)
FN:39,(anonymous_2)
FN:53,(anonymous_3)
FNF:4
FNH:0
FNDA:0,(anonymous_0)
FNDA:0,(anonymous_1)
FNDA:0,(anonymous_2)
FNDA:0,(anonymous_3)
DA:1,0
DA:9,0
DA:17,0
DA:28,0
DA:39,0
DA:46,0
DA:53,0
DA:58,0
LF:8
LH:0
BRF:0
BRH:0
end_of_record
TN:
SF:src\utils\accessibility.ts
FN:8,(anonymous_0)
FN:15,(anonymous_1)
FN:23,(anonymous_2)
FN:44,(anonymous_3)
FN:76,(anonymous_4)
FN:86,(anonymous_5)
FNF:6
FNH:0
FNDA:0,(anonymous_0)
FNDA:0,(anonymous_1)
FNDA:0,(anonymous_2)
FNDA:0,(anonymous_3)
FNDA:0,(anonymous_4)
FNDA:0,(anonymous_5)
DA:8,0
DA:9,0
DA:15,0
DA:16,0
DA:17,0
DA:23,0
DA:30,0
DA:32,0
DA:44,0
DA:54,0
DA:56,0
DA:57,0
DA:59,0
DA:60,0
DA:62,0
DA:63,0
DA:65,0
DA:66,0
DA:68,0
DA:69,0
DA:76,0
DA:77,0
DA:78,0
DA:79,0
DA:86,0
DA:87,0
DA:88,0
DA:89,0
DA:90,0
LF:29
LH:0
BRDA:9,0,0,0
BRDA:9,0,1,0
BRDA:16,1,0,0
BRDA:16,1,1,0
BRDA:54,2,0,0
BRDA:54,2,1,0
BRDA:54,2,2,0
BRDA:54,2,3,0
BRDA:54,2,4,0
BRDA:77,3,0,0
BRDA:77,3,1,0
BRDA:88,4,0,0
BRDA:88,4,1,0
BRF:13
BRH:0
end_of_record
TN:
SF:src\utils\cacheManager.ts
FN:13,(anonymous_1)
FN:23,(anonymous_2)
FN:33,(anonymous_3)
FN:43,(anonymous_4)
FN:50,(anonymous_5)
FN:57,(anonymous_6)
FN:70,(anonymous_7)
FN:77,(anonymous_8)
FN:84,(anonymous_9)
FN:91,(anonymous_10)
FN:8,(anonymous_11)
FN:102,(anonymous_12)
FNF:12
FNH:0
FNDA:0,(anonymous_1)
FNDA:0,(anonymous_2)
FNDA:0,(anonymous_3)
FNDA:0,(anonymous_4)
FNDA:0,(anonymous_5)
FNDA:0,(anonymous_6)
FNDA:0,(anonymous_7)
FNDA:0,(anonymous_8)
FNDA:0,(anonymous_9)
FNDA:0,(anonymous_10)
FNDA:0,(anonymous_11)
FNDA:0,(anonymous_12)
DA:8,0
DA:14,0
DA:15,0
DA:16,0
DA:24,0
DA:25,0
DA:26,0
DA:34,0
DA:35,0
DA:36,0
DA:44,0
DA:51,0
DA:61,0
DA:71,0
DA:78,0
DA:85,0
DA:92,0
DA:93,0
DA:94,0
DA:102,0
DA:103,0
LF:21
LH:0
BRDA:15,0,0,0
BRDA:15,0,1,0
BRDA:15,1,0,0
BRDA:15,1,1,0
BRDA:25,2,0,0
BRDA:25,2,1,0
BRDA:25,3,0,0
BRDA:25,3,1,0
BRDA:35,4,0,0
BRDA:35,4,1,0
BRDA:35,5,0,0
BRDA:35,5,1,0
BRDA:35,5,2,0
BRDA:93,6,0,0
BRDA:93,6,1,0
BRDA:93,7,0,0
BRDA:93,7,1,0
BRF:17
BRH:0
end_of_record
TN:
SF:src\utils\calendarExport.ts
FN:30,(anonymous_0)
FN:40,(anonymous_1)
FN:66,(anonymous_2)
FN:93,(anonymous_3)
FN:107,(anonymous_4)
FN:119,(anonymous_5)
FN:135,(anonymous_6)
FN:154,(anonymous_7)
FNF:8
FNH:0
FNDA:0,(anonymous_0)
FNDA:0,(anonymous_1)
FNDA:0,(anonymous_2)
FNDA:0,(anonymous_3)
FNDA:0,(anonymous_4)
FNDA:0,(anonymous_5)
FNDA:0,(anonymous_6)
FNDA:0,(anonymous_7)
DA:30,0
DA:31,0
DA:34,0
DA:35,0
DA:36,0
DA:37,0
DA:38,0
DA:40,0
DA:41,0
DA:42,0
DA:43,0
DA:45,0
DA:46,0
DA:49,0
DA:50,0
DA:53,0
DA:54,0
DA:55,0
DA:57,0
DA:58,0
DA:61,0
DA:62,0
DA:65,0
DA:66,0
DA:67,0
DA:71,0
DA:72,0
DA:73,0
DA:74,0
DA:75,0
DA:76,0
DA:78,0
DA:81,0
DA:85,0
DA:87,0
DA:93,0
DA:94,0
DA:95,0
DA:96,0
DA:97,0
DA:98,0
DA:99,0
DA:101,0
DA:107,0
DA:108,0
DA:119,0
DA:120,0
DA:121,0
DA:122,0
DA:123,0
DA:124,0
DA:125,0
DA:126,0
DA:127,0
DA:128,0
DA:129,0
DA:135,0
DA:136,0
DA:154,0
DA:155,0
DA:156,0
LF:61
LH:0
BRDA:45,0,0,0
BRDA:45,0,1,0
BRDA:49,1,0,0
BRDA:49,1,1,0
BRDA:57,2,0,0
BRDA:57,2,1,0
BRDA:61,3,0,0
BRDA:61,3,1,0
BRDA:65,4,0,0
BRDA:65,4,1,0
BRDA:65,5,0,0
BRDA:65,5,1,0
BRDA:71,6,0,0
BRDA:71,6,1,0
BRDA:75,7,0,0
BRDA:75,7,1,0
BRDA:119,8,0,0
BRDA:155,9,0,0
BRDA:155,9,1,0
BRDA:159,10,0,0
BRDA:159,10,1,0
BRDA:160,11,0,0
BRDA:160,11,1,0
BRDA:162,12,0,0
BRDA:162,12,1,0
BRF:25
BRH:0
end_of_record
TN:
SF:src\utils\countries.ts
FN:83,(anonymous_0)
FN:85,(anonymous_1)
FN:86,(anonymous_2)
FN:90,(anonymous_3)
FN:91,(anonymous_4)
FNF:5
FNH:0
FNDA:0,(anonymous_0)
FNDA:0,(anonymous_1)
FNDA:0,(anonymous_2)
FNDA:0,(anonymous_3)
FNDA:0,(anonymous_4)
DA:2,0
DA:83,0
DA:85,0
DA:86,0
DA:87,0
DA:90,0
DA:91,0
DA:92,0
LF:8
LH:0
BRDA:87,0,0,0
BRDA:87,0,1,0
BRDA:92,1,0,0
BRDA:92,1,1,0
BRF:4
BRH:0
end_of_record
TN:
SF:src\utils\dateLocalization.ts
FN:8,(anonymous_0)
FN:15,(anonymous_1)
FN:27,(anonymous_2)
FN:42,(anonymous_3)
FN:51,(anonymous_4)
FNF:5
FNH:0
FNDA:0,(anonymous_0)
FNDA:0,(anonymous_1)
FNDA:0,(anonymous_2)
FNDA:0,(anonymous_3)
FNDA:0,(anonymous_4)
DA:8,0
DA:9,0
DA:15,0
DA:19,0
DA:20,0
DA:21,0
DA:27,0
DA:32,0
DA:33,0
DA:34,0
DA:35,0
DA:36,0
DA:42,0
DA:43,0
DA:44,0
DA:45,0
DA:51,0
DA:52,0
DA:53,0
DA:54,0
DA:56,0
DA:57,0
DA:60,0
DA:61,0
DA:62,0
DA:67,0
DA:68,0
DA:69,0
DA:72,0
DA:73,0
DA:74,0
DA:77,0
LF:32
LH:0
BRDA:9,0,0,0
BRDA:9,0,1,0
BRDA:17,1,0,0
BRDA:19,2,0,0
BRDA:19,2,1,0
BRDA:29,3,0,0
BRDA:30,4,0,0
BRDA:32,5,0,0
BRDA:32,5,1,0
BRDA:42,6,0,0
BRDA:43,7,0,0
BRDA:43,7,1,0
BRDA:52,8,0,0
BRDA:52,8,1,0
BRDA:56,9,0,0
BRDA:56,9,1,0
BRDA:57,10,0,0
BRDA:57,10,1,0
BRDA:61,11,0,0
BRDA:61,11,1,0
BRDA:62,12,0,0
BRDA:62,12,1,0
BRDA:68,13,0,0
BRDA:68,13,1,0
BRDA:69,14,0,0
BRDA:69,14,1,0
BRDA:73,15,0,0
BRDA:73,15,1,0
BRDA:74,16,0,0
BRDA:74,16,1,0
BRF:30
BRH:0
end_of_record
TN:
SF:src\utils\errorHandler.ts
FN:13,(anonymous_0)
FN:63,(anonymous_1)
FN:73,(anonymous_2)
FN:83,(anonymous_3)
FN:93,(anonymous_4)
FN:95,(anonymous_5)
FN:98,(anonymous_6)
FNF:7
FNH:0
FNDA:0,(anonymous_0)
FNDA:0,(anonymous_1)
FNDA:0,(anonymous_2)
FNDA:0,(anonymous_3)
FNDA:0,(anonymous_4)
FNDA:0,(anonymous_5)
FNDA:0,(anonymous_6)
DA:13,0
DA:14,0
DA:15,0
DA:18,0
DA:19,0
DA:20,0
DA:21,0
DA:26,0
DA:27,0
DA:31,0
DA:33,0
DA:35,0
DA:37,0
DA:39,0
DA:41,0
DA:43,0
DA:45,0
DA:47,0
DA:49,0
DA:53,0
DA:54,0
DA:57,0
DA:63,0
DA:64,0
DA:65,0
DA:67,0
DA:73,0
DA:74,0
DA:75,0
DA:77,0
DA:83,0
DA:84,0
DA:85,0
DA:87,0
DA:93,0
DA:94,0
DA:95,0
DA:96,0
DA:97,0
DA:98,0
DA:99,0
DA:103,0
LF:42
LH:0
BRDA:14,0,0,0
BRDA:14,0,1,0
BRDA:18,1,0,0
BRDA:18,1,1,0
BRDA:20,2,0,0
BRDA:20,2,1,0
BRDA:20,3,0,0
BRDA:20,3,1,0
BRDA:26,4,0,0
BRDA:26,4,1,0
BRDA:31,5,0,0
BRDA:31,5,1,0
BRDA:31,5,2,0
BRDA:31,5,3,0
BRDA:31,5,4,0
BRDA:31,5,5,0
BRDA:31,5,6,0
BRDA:31,5,7,0
BRDA:31,5,8,0
BRDA:49,6,0,0
BRDA:49,6,1,0
BRDA:53,7,0,0
BRDA:53,7,1,0
BRDA:64,8,0,0
BRDA:64,8,1,0
BRDA:65,9,0,0
BRDA:65,9,1,0
BRDA:74,10,0,0
BRDA:74,10,1,0
BRDA:75,11,0,0
BRDA:75,11,1,0
BRDA:84,12,0,0
BRDA:84,12,1,0
BRDA:97,13,0,0
BRDA:97,13,1,0
BRF:35
BRH:0
end_of_record
TN:
SF:src\utils\exportUtils.ts
FN:14,(anonymous_0)
FN:21,(anonymous_1)
FN:25,(anonymous_2)
FN:26,(anonymous_3)
FN:45,(anonymous_4)
FN:67,(anonymous_5)
FN:74,(anonymous_6)
FN:77,(anonymous_7)
FN:78,(anonymous_8)
FN:91,(anonymous_9)
FN:113,(anonymous_10)
FN:122,(anonymous_11)
FNF:12
FNH:0
FNDA:0,(anonymous_0)
FNDA:0,(anonymous_1)
FNDA:0,(anonymous_2)
FNDA:0,(anonymous_3)
FNDA:0,(anonymous_4)
FNDA:0,(anonymous_5)
FNDA:0,(anonymous_6)
FNDA:0,(anonymous_7)
FNDA:0,(anonymous_8)
FNDA:0,(anonymous_9)
FNDA:0,(anonymous_10)
FNDA:0,(anonymous_11)
DA:14,0
DA:18,0
DA:21,0
DA:22,0
DA:25,0
DA:26,0
DA:27,0
DA:28,0
DA:30,0
DA:31,0
DA:32,0
DA:34,0
DA:36,0
DA:39,0
DA:45,0
DA:50,0
DA:51,0
DA:52,0
DA:53,0
DA:55,0
DA:56,0
DA:57,0
DA:58,0
DA:59,0
DA:60,0
DA:61,0
DA:67,0
DA:72,0
DA:74,0
DA:75,0
DA:77,0
DA:78,0
DA:79,0
DA:80,0
DA:82,0
DA:85,0
DA:91,0
DA:96,0
DA:97,0
DA:98,0
DA:99,0
DA:101,0
DA:102,0
DA:103,0
DA:104,0
DA:105,0
DA:106,0
DA:107,0
DA:113,0
DA:114,0
DA:115,0
DA:116,0
DA:122,0
DA:123,0
DA:124,0
LF:55
LH:0
BRDA:18,0,0,0
BRDA:18,0,1,0
BRDA:18,1,0,0
BRDA:18,1,1,0
BRDA:28,2,0,0
BRDA:28,2,1,0
BRDA:30,3,0,0
BRDA:30,3,1,0
BRDA:31,4,0,0
BRDA:31,4,1,0
BRDA:31,5,0,0
BRDA:31,5,1,0
BRDA:31,5,2,0
BRDA:48,6,0,0
BRDA:72,7,0,0
BRDA:72,7,1,0
BRDA:72,8,0,0
BRDA:72,8,1,0
BRDA:80,9,0,0
BRDA:80,9,1,0
BRDA:80,10,0,0
BRDA:80,10,1,0
BRDA:94,11,0,0
BRDA:114,12,0,0
BRDA:114,12,1,0
BRDA:115,13,0,0
BRDA:115,13,1,0
BRDA:122,14,0,0
BRDA:123,15,0,0
BRDA:123,15,1,0
BRDA:123,16,0,0
BRDA:123,16,1,0
BRF:32
BRH:0
end_of_record
TN:
SF:src\utils\formatters.ts
FN:3,(anonymous_0)
FN:11,(anonymous_1)
FN:21,(anonymous_2)
FNF:3
FNH:0
FNDA:0,(anonymous_0)
FNDA:0,(anonymous_1)
FNDA:0,(anonymous_2)
DA:3,0
DA:4,0
DA:5,0
DA:11,0
DA:12,0
DA:13,0
DA:14,0
DA:21,0
DA:22,0
DA:23,0
DA:24,0
LF:11
LH:0
BRDA:3,0,0,0
BRDA:4,1,0,0
BRDA:4,1,1,0
BRDA:12,2,0,0
BRDA:12,2,1,0
BRDA:13,3,0,0
BRDA:13,3,1,0
BRDA:22,4,0,0
BRDA:22,4,1,0
BRDA:23,5,0,0
BRDA:23,5,1,0
BRF:11
BRH:0
end_of_record
TN:
SF:src\utils\memoization.ts
FN:10,(anonymous_0)
FN:20,(anonymous_1)
FN:27,(anonymous_2)
FN:37,(anonymous_3)
FN:42,(anonymous_4)
FN:50,(anonymous_5)
FN:54,(anonymous_6)
FNF:7
FNH:0
FNDA:0,(anonymous_0)
FNDA:0,(anonymous_1)
FNDA:0,(anonymous_2)
FNDA:0,(anonymous_3)
FNDA:0,(anonymous_4)
FNDA:0,(anonymous_5)
FNDA:0,(anonymous_6)
DA:10,0
DA:14,0
DA:20,0
DA:21,0
DA:27,0
DA:31,0
DA:37,0
DA:42,0
DA:43,0
DA:50,0
DA:54,0
LF:11
LH:0
BRDA:40,0,0,0
BRDA:43,1,0,0
BRDA:43,1,1,0
BRDA:52,2,0,0
BRF:4
BRH:0
end_of_record
TN:
SF:src\utils\permissions.ts
FN:5,(anonymous_0)
FN:168,(anonymous_1)
FN:178,(anonymous_2)
FN:179,(anonymous_3)
FN:185,(anonymous_4)
FN:186,(anonymous_5)
FN:192,(anonymous_6)
FNF:7
FNH:0
FNDA:0,(anonymous_0)
FNDA:0,(anonymous_1)
FNDA:0,(anonymous_2)
FNDA:0,(anonymous_3)
FNDA:0,(anonymous_4)
FNDA:0,(anonymous_5)
FNDA:0,(anonymous_6)
DA:5,0
DA:65,0
DA:168,0
DA:169,0
DA:171,0
DA:172,0
DA:178,0
DA:179,0
DA:185,0
DA:186,0
DA:192,0
DA:193,0
DA:194,0
LF:13
LH:0
BRDA:169,0,0,0
BRDA:169,0,1,0
BRDA:171,1,0,0
BRDA:171,1,1,0
BRDA:193,2,0,0
BRDA:193,2,1,0
BRDA:194,3,0,0
BRDA:194,3,1,0
BRF:8
BRH:0
end_of_record
TN:
SF:src\utils\queryKeys.ts
FN:32,(anonymous_0)
FN:33,(anonymous_1)
FN:39,(anonymous_2)
FN:40,(anonymous_3)
FN:41,(anonymous_4)
FN:42,(anonymous_5)
FN:48,(anonymous_6)
FN:49,(anonymous_7)
FN:50,(anonymous_8)
FN:51,(anonymous_9)
FN:57,(anonymous_10)
FN:58,(anonymous_11)
FN:61,(anonymous_12)
FN:62,(anonymous_13)
FN:66,(anonymous_14)
FN:67,(anonymous_15)
FN:74,(anonymous_16)
FN:75,(anonymous_17)
FN:76,(anonymous_18)
FN:77,(anonymous_19)
FN:83,(anonymous_20)
FN:84,(anonymous_21)
FN:85,(anonymous_22)
FN:86,(anonymous_23)
FN:92,(anonymous_24)
FN:93,(anonymous_25)
FN:94,(anonymous_26)
FN:95,(anonymous_27)
FN:96,(anonymous_28)
FN:102,(anonymous_29)
FN:103,(anonymous_30)
FN:104,(anonymous_31)
FN:105,(anonymous_32)
FN:111,(anonymous_33)
FN:112,(anonymous_34)
FN:113,(anonymous_35)
FN:114,(anonymous_36)
FN:120,(anonymous_37)
FN:121,(anonymous_38)
FN:122,(anonymous_39)
FN:123,(anonymous_40)
FN:129,(anonymous_41)
FN:130,(anonymous_42)
FN:131,(anonymous_43)
FN:132,(anonymous_44)
FN:138,(anonymous_45)
FN:139,(anonymous_46)
FN:140,(anonymous_47)
FN:141,(anonymous_48)
FN:142,(anonymous_49)
FN:148,(anonymous_50)
FN:149,(anonymous_51)
FN:150,(anonymous_52)
FN:151,(anonymous_53)
FN:157,(anonymous_54)
FN:158,(anonymous_55)
FN:164,(anonymous_56)
FN:165,(anonymous_57)
FN:171,(anonymous_58)
FN:172,(anonymous_59)
FN:178,(anonymous_60)
FN:179,(anonymous_61)
FN:185,(anonymous_62)
FN:186,(anonymous_63)
FN:192,(anonymous_64)
FN:193,(anonymous_65)
FN:194,(anonymous_66)
FN:200,(anonymous_67)
FN:201,(anonymous_68)
FN:202,(anonymous_69)
FN:203,(anonymous_70)
FNF:71
FNH:0
FNDA:0,(anonymous_0)
FNDA:0,(anonymous_1)
FNDA:0,(anonymous_2)
FNDA:0,(anonymous_3)
FNDA:0,(anonymous_4)
FNDA:0,(anonymous_5)
FNDA:0,(anonymous_6)
FNDA:0,(anonymous_7)
FNDA:0,(anonymous_8)
FNDA:0,(anonymous_9)
FNDA:0,(anonymous_10)
FNDA:0,(anonymous_11)
FNDA:0,(anonymous_12)
FNDA:0,(anonymous_13)
FNDA:0,(anonymous_14)
FNDA:0,(anonymous_15)
FNDA:0,(anonymous_16)
FNDA:0,(anonymous_17)
FNDA:0,(anonymous_18)
FNDA:0,(anonymous_19)
FNDA:0,(anonymous_20)
FNDA:0,(anonymous_21)
FNDA:0,(anonymous_22)
FNDA:0,(anonymous_23)
FNDA:0,(anonymous_24)
FNDA:0,(anonymous_25)
FNDA:0,(anonymous_26)
FNDA:0,(anonymous_27)
FNDA:0,(anonymous_28)
FNDA:0,(anonymous_29)
FNDA:0,(anonymous_30)
FNDA:0,(anonymous_31)
FNDA:0,(anonymous_32)
FNDA:0,(anonymous_33)
FNDA:0,(anonymous_34)
FNDA:0,(anonymous_35)
FNDA:0,(anonymous_36)
FNDA:0,(anonymous_37)
FNDA:0,(anonymous_38)
FNDA:0,(anonymous_39)
FNDA:0,(anonymous_40)
FNDA:0,(anonymous_41)
FNDA:0,(anonymous_42)
FNDA:0,(anonymous_43)
FNDA:0,(anonymous_44)
FNDA:0,(anonymous_45)
FNDA:0,(anonymous_46)
FNDA:0,(anonymous_47)
FNDA:0,(anonymous_48)
FNDA:0,(anonymous_49)
FNDA:0,(anonymous_50)
FNDA:0,(anonymous_51)
FNDA:0,(anonymous_52)
FNDA:0,(anonymous_53)
FNDA:0,(anonymous_54)
FNDA:0,(anonymous_55)
FNDA:0,(anonymous_56)
FNDA:0,(anonymous_57)
FNDA:0,(anonymous_58)
FNDA:0,(anonymous_59)
FNDA:0,(anonymous_60)
FNDA:0,(anonymous_61)
FNDA:0,(anonymous_62)
FNDA:0,(anonymous_63)
FNDA:0,(anonymous_64)
FNDA:0,(anonymous_65)
FNDA:0,(anonymous_66)
FNDA:0,(anonymous_67)
FNDA:0,(anonymous_68)
FNDA:0,(anonymous_69)
FNDA:0,(anonymous_70)
DA:7,0
DA:8,0
DA:9,0
DA:10,0
DA:11,0
DA:12,0
DA:13,0
DA:14,0
DA:15,0
DA:16,0
DA:17,0
DA:18,0
DA:19,0
DA:20,0
DA:21,0
DA:22,0
DA:23,0
DA:24,0
DA:25,0
DA:26,0
DA:28,0
DA:32,0
DA:33,0
DA:39,0
DA:40,0
DA:41,0
DA:42,0
DA:48,0
DA:49,0
DA:50,0
DA:51,0
DA:57,0
DA:58,0
DA:61,0
DA:62,0
DA:66,0
DA:67,0
DA:74,0
DA:75,0
DA:76,0
DA:77,0
DA:83,0
DA:84,0
DA:85,0
DA:86,0
DA:92,0
DA:93,0
DA:94,0
DA:95,0
DA:96,0
DA:102,0
DA:103,0
DA:104,0
DA:105,0
DA:111,0
DA:112,0
DA:113,0
DA:114,0
DA:120,0
DA:121,0
DA:122,0
DA:123,0
DA:129,0
DA:130,0
DA:131,0
DA:132,0
DA:138,0
DA:139,0
DA:140,0
DA:141,0
DA:142,0
DA:148,0
DA:149,0
DA:150,0
DA:151,0
DA:157,0
DA:158,0
DA:164,0
DA:165,0
DA:171,0
DA:172,0
DA:178,0
DA:179,0
DA:185,0
DA:186,0
DA:192,0
DA:193,0
DA:194,0
DA:200,0
DA:201,0
DA:202,0
DA:203,0
LF:92
LH:0
BRF:0
BRH:0
end_of_record
TN:
SF:src\utils\responsive.ts
FN:6,(anonymous_0)
FN:14,(anonymous_1)
FN:21,(anonymous_2)
FN:28,(anonymous_3)
FN:36,(anonymous_4)
FN:55,(anonymous_5)
FN:62,(anonymous_6)
FNF:7
FNH:0
FNDA:0,(anonymous_0)
FNDA:0,(anonymous_1)
FNDA:0,(anonymous_2)
FNDA:0,(anonymous_3)
FNDA:0,(anonymous_4)
FNDA:0,(anonymous_5)
FNDA:0,(anonymous_6)
DA:6,0
DA:7,0
DA:8,0
DA:14,0
DA:15,0
DA:21,0
DA:22,0
DA:28,0
DA:29,0
DA:36,0
DA:42,0
DA:43,0
DA:44,0
DA:46,0
DA:47,0
DA:48,0
DA:49,0
DA:55,0
DA:56,0
DA:62,0
DA:63,0
LF:21
LH:0
BRDA:46,0,0,0
BRDA:46,0,1,0
BRDA:46,1,0,0
BRDA:46,1,1,0
BRDA:47,2,0,0
BRDA:47,2,1,0
BRDA:47,3,0,0
BRDA:47,3,1,0
BRDA:48,4,0,0
BRDA:48,4,1,0
BRDA:48,5,0,0
BRDA:48,5,1,0
BRF:12
BRH:0
end_of_record
TN:
SF:src\utils\validation.ts
FN:8,(anonymous_0)
FN:14,(anonymous_1)
FN:18,(anonymous_2)
FN:24,(anonymous_3)
FN:27,(anonymous_4)
FN:30,(anonymous_5)
FN:34,(anonymous_6)
FN:37,(anonymous_7)
FN:40,(anonymous_8)
FN:42,(anonymous_9)
FN:45,(anonymous_10)
FN:48,(anonymous_11)
FN:49,(anonymous_12)
FN:57,(anonymous_13)
FN:68,(anonymous_14)
FN:89,(anonymous_15)
FN:93,(anonymous_16)
FN:107,(anonymous_17)
FN:108,(anonymous_18)
FN:109,(anonymous_19)
FN:110,(anonymous_20)
FN:111,(anonymous_21)
FNF:22
FNH:0
FNDA:0,(anonymous_0)
FNDA:0,(anonymous_1)
FNDA:0,(anonymous_2)
FNDA:0,(anonymous_3)
FNDA:0,(anonymous_4)
FNDA:0,(anonymous_5)
FNDA:0,(anonymous_6)
FNDA:0,(anonymous_7)
FNDA:0,(anonymous_8)
FNDA:0,(anonymous_9)
FNDA:0,(anonymous_10)
FNDA:0,(anonymous_11)
FNDA:0,(anonymous_12)
FNDA:0,(anonymous_13)
FNDA:0,(anonymous_14)
FNDA:0,(anonymous_15)
FNDA:0,(anonymous_16)
FNDA:0,(anonymous_17)
FNDA:0,(anonymous_18)
FNDA:0,(anonymous_19)
FNDA:0,(anonymous_20)
FNDA:0,(anonymous_21)
DA:6,0
DA:9,0
DA:15,0
DA:19,0
DA:20,0
DA:24,0
DA:28,0
DA:31,0
DA:35,0
DA:37,0
DA:40,0
DA:42,0
DA:45,0
DA:49,0
DA:57,0
DA:58,0
DA:60,0
DA:61,0
DA:64,0
DA:67,0
DA:68,0
DA:69,0
DA:70,0
DA:72,0
DA:73,0
DA:79,0
DA:80,0
DA:83,0
DA:89,0
DA:93,0
DA:94,0
DA:96,0
DA:98,0
DA:106,0
DA:107,0
DA:108,0
DA:109,0
DA:110,0
DA:111,0
LF:39
LH:0
BRDA:8,0,0,0
BRDA:8,1,0,0
BRDA:8,2,0,0
BRDA:14,3,0,0
BRDA:14,4,0,0
BRDA:18,5,0,0
BRDA:20,6,0,0
BRDA:20,6,1,0
BRDA:27,7,0,0
BRDA:27,8,0,0
BRDA:27,9,0,0
BRDA:30,10,0,0
BRDA:30,11,0,0
BRDA:34,12,0,0
BRDA:40,13,0,0
BRDA:48,14,0,0
BRDA:49,15,0,0
BRDA:49,15,1,0
BRDA:60,16,0,0
BRDA:60,16,1,0
BRDA:67,17,0,0
BRDA:67,17,1,0
BRDA:70,18,0,0
BRDA:70,18,1,0
BRDA:70,19,0,0
BRDA:70,19,1,0
BRDA:79,20,0,0
BRDA:79,20,1,0
BRDA:79,21,0,0
BRDA:79,21,1,0
BRDA:94,22,0,0
BRDA:94,22,1,0
BRF:32
BRH:0
end_of_record
